==12396== Memcheck, a memory error detector
==12396== Copyright (C) 2002-2015, and GNU GPL'd, by Julian Seward et al.
==12396== Using Valgrind-3.12.0.SVN and LibVEX; rerun with -h for copyright info
==12396== Command: bin/boot-ess -boot rbl/rosette/boot.rbl
==12396== Parent PID: 2588
==12396== 
==12396== Mismatched free() / delete / delete []
==12396==    at 0x48303FC: realloc (in /usr/lib/valgrind/vgpreload_memcheck-x86-linux.so)
==12396==    by 0x179B45: ResizeablePtrArray::resize(int) (ResizeAry.cc:51)
==12396==    by 0x179840: PtrCollection::resize(int) (PtrCollect.cc:58)
==12396==    by 0x179801: PtrCollection::resize() (PtrCollect.cc:50)
==12396==    by 0x1799FE: PtrCollection::add(void*) (PtrCollect.h:82)
==12396==    by 0x149261: RememberedSet::reallyRemember(Ob*) (Heap.cc:352)
==12396==    by 0x14BB38: RememberedSet::remember(Ob*) (Heap.cc:363)
==12396==    by 0x14BBD3: NewSpace::remember(Ob*) (Heap.cc:523)
==12396==    by 0x14A93A: Heap::remember(Ob*) (Heap.cc:1056)
==12396==    by 0x14A9E7: Heap::copyAndForward(Ob*) (Heap.cc:1077)
==12396==    by 0x14ACD5: Heap::tenure(Ob*) (Heap.cc:1194)
==12396==    by 0x124BA3: BuiltinClass::alloc() (BigBang.cc:203)
==12396==  Address 0x4c034b0 is 0 bytes inside a block of size 128 alloc'd
==12396==    at 0x482EF8C: operator new[](unsigned int) (in /usr/lib/valgrind/vgpreload_memcheck-x86-linux.so)
==12396==    by 0x179BB2: ResizeablePtrArray::ResizeablePtrArray(int) (ResizeAry.h:62)
==12396==    by 0x17978C: PtrCollection::PtrCollection() (PtrCollect.cc:34)
==12396==    by 0x1796BC: ObStk::ObStk() (ObStk.h:60)
==12396==    by 0x14BB80: RememberedSet::RememberedSet() (Heap.cc:322)
==12396==    by 0x149373: NewSpace::NewSpace(unsigned int, unsigned int) (Heap.cc:399)
==12396==    by 0x14A3C7: Heap::Heap(unsigned int, unsigned int, unsigned int) (Heap.cc:940)
==12396==    by 0x125FC5: BigBang(int, char**, char**) (BigBang.cc:631)
==12396==    by 0x17D53C: main (main.cc:56)
==12396== 
==12396== Mismatched free() / delete / delete []
==12396==    at 0x482F8F8: operator delete(void*) (in /usr/lib/valgrind/vgpreload_memcheck-x86-linux.so)
==12396==    by 0x16CD83: FrameStk::alloc(int) (Reader.cc:274)
==12396==    by 0x170177: Reader::falloc(int) (Reader.cc:155)
==12396==    by 0x16DF69: ListReadMacro::start(int, Reader*) (Reader.cc:1091)
==12396==    by 0x16F702: Reader::resumeExpr() (Reader.cc:1591)
==12396==    by 0x16F4B8: Reader::readExpr() (Reader.cc:1495)
==12396==    by 0x125D81: LoadBootFiles() (BigBang.cc:548)
==12396==    by 0x12606F: BigBang(int, char**, char**) (BigBang.cc:639)
==12396==    by 0x17D53C: main (main.cc:56)
==12396==  Address 0x4cdb7e0 is 0 bytes inside a block of size 256 alloc'd
==12396==    at 0x482EF8C: operator new[](unsigned int) (in /usr/lib/valgrind/vgpreload_memcheck-x86-linux.so)
==12396==    by 0x16CD46: FrameStk::alloc(int) (Reader.cc:271)
==12396==    by 0x170177: Reader::falloc(int) (Reader.cc:155)
==12396==    by 0x16F479: Reader::readExpr() (Reader.cc:1492)
==12396==    by 0x125D81: LoadBootFiles() (BigBang.cc:548)
==12396==    by 0x12606F: BigBang(int, char**, char**) (BigBang.cc:639)
==12396==    by 0x17D53C: main (main.cc:56)
==12396== 
==12396== Conditional jump or move depends on uninitialised value(s)
==12396==    at 0x17B848: Timer::inc(timeval&, long, long) (Timer.cc:95)
==12396==    by 0x17B7B2: Timer::updateTimer() (Timer.cc:80)
==12396==    by 0x17B9D6: Timer::setMode(TimerMode) (Timer.cc:147)
==12396==    by 0x174FB8: VirtualMachine::preScavenge() (Vm.cc:362)
==12396==    by 0x14A753: Heap::traverseRootSets(void (RootSet::*)()) (Heap.cc:972)
==12396==    by 0x14AA5A: Heap::scavenge() (Heap.cc:1099)
==12396==    by 0x14A8E2: Heap::scavengeAndAlloc(unsigned int) (Heap.cc:1038)
==12396==    by 0x14B11E: palloc(unsigned int) (Heap.cc:1332)
==12396==    by 0x128BCE: CodeVec::create(int) (Code.cc:281)
==12396==    by 0x128151: CodeBuf::growCodevec(int) (Code.cc:93)
==12396==    by 0x128079: CodeBuf::deposit(Instr) (Code.cc:78)
==12396==    by 0x1282C2: CodeBuf::emitF0(Opcode, unsigned int) (Code.cc:112)
==12396== 
==12396== Conditional jump or move depends on uninitialised value(s)
==12396==    at 0x17B873: Timer::inc(timeval&, long, long) (Timer.cc:99)
==12396==    by 0x17B7B2: Timer::updateTimer() (Timer.cc:80)
==12396==    by 0x17B9D6: Timer::setMode(TimerMode) (Timer.cc:147)
==12396==    by 0x174FB8: VirtualMachine::preScavenge() (Vm.cc:362)
==12396==    by 0x14A753: Heap::traverseRootSets(void (RootSet::*)()) (Heap.cc:972)
==12396==    by 0x14AA5A: Heap::scavenge() (Heap.cc:1099)
==12396==    by 0x14A8E2: Heap::scavengeAndAlloc(unsigned int) (Heap.cc:1038)
==12396==    by 0x14B11E: palloc(unsigned int) (Heap.cc:1332)
==12396==    by 0x128BCE: CodeVec::create(int) (Code.cc:281)
==12396==    by 0x128151: CodeBuf::growCodevec(int) (Code.cc:93)
==12396==    by 0x128079: CodeBuf::deposit(Instr) (Code.cc:78)
==12396==    by 0x1282C2: CodeBuf::emitF0(Opcode, unsigned int) (Code.cc:112)
==12396== 
==12396== Conditional jump or move depends on uninitialised value(s)
==12396==    at 0x17B848: Timer::inc(timeval&, long, long) (Timer.cc:95)
==12396==    by 0x17B7DE: Timer::updateTimer() (Timer.cc:84)
==12396==    by 0x17B9D6: Timer::setMode(TimerMode) (Timer.cc:147)
==12396==    by 0x174FB8: VirtualMachine::preScavenge() (Vm.cc:362)
==12396==    by 0x14A753: Heap::traverseRootSets(void (RootSet::*)()) (Heap.cc:972)
==12396==    by 0x14AA5A: Heap::scavenge() (Heap.cc:1099)
==12396==    by 0x14A8E2: Heap::scavengeAndAlloc(unsigned int) (Heap.cc:1038)
==12396==    by 0x14B11E: palloc(unsigned int) (Heap.cc:1332)
==12396==    by 0x128BCE: CodeVec::create(int) (Code.cc:281)
==12396==    by 0x128151: CodeBuf::growCodevec(int) (Code.cc:93)
==12396==    by 0x128079: CodeBuf::deposit(Instr) (Code.cc:78)
==12396==    by 0x1282C2: CodeBuf::emitF0(Opcode, unsigned int) (Code.cc:112)
==12396== 
==12396== Conditional jump or move depends on uninitialised value(s)
==12396==    at 0x17B848: Timer::inc(timeval&, long, long) (Timer.cc:95)
==12396==    by 0x17B7B2: Timer::updateTimer() (Timer.cc:80)
==12396==    by 0x17B9D6: Timer::setMode(TimerMode) (Timer.cc:147)
==12396==    by 0x175060: VirtualMachine::postScavenge() (Vm.cc:379)
==12396==    by 0x14A753: Heap::traverseRootSets(void (RootSet::*)()) (Heap.cc:972)
==12396==    by 0x14AB77: Heap::scavenge() (Heap.cc:1140)
==12396==    by 0x14A8E2: Heap::scavengeAndAlloc(unsigned int) (Heap.cc:1038)
==12396==    by 0x14B11E: palloc(unsigned int) (Heap.cc:1332)
==12396==    by 0x128BCE: CodeVec::create(int) (Code.cc:281)
==12396==    by 0x128151: CodeBuf::growCodevec(int) (Code.cc:93)
==12396==    by 0x128079: CodeBuf::deposit(Instr) (Code.cc:78)
==12396==    by 0x1282C2: CodeBuf::emitF0(Opcode, unsigned int) (Code.cc:112)
==12396== 
==12396== Conditional jump or move depends on uninitialised value(s)
==12396==    at 0x17B873: Timer::inc(timeval&, long, long) (Timer.cc:99)
==12396==    by 0x17B7B2: Timer::updateTimer() (Timer.cc:80)
==12396==    by 0x17B9D6: Timer::setMode(TimerMode) (Timer.cc:147)
==12396==    by 0x175060: VirtualMachine::postScavenge() (Vm.cc:379)
==12396==    by 0x14A753: Heap::traverseRootSets(void (RootSet::*)()) (Heap.cc:972)
==12396==    by 0x14AB77: Heap::scavenge() (Heap.cc:1140)
==12396==    by 0x14A8E2: Heap::scavengeAndAlloc(unsigned int) (Heap.cc:1038)
==12396==    by 0x14B11E: palloc(unsigned int) (Heap.cc:1332)
==12396==    by 0x128BCE: CodeVec::create(int) (Code.cc:281)
==12396==    by 0x128151: CodeBuf::growCodevec(int) (Code.cc:93)
==12396==    by 0x128079: CodeBuf::deposit(Instr) (Code.cc:78)
==12396==    by 0x1282C2: CodeBuf::emitF0(Opcode, unsigned int) (Code.cc:112)
==12396== 
==12396== Conditional jump or move depends on uninitialised value(s)
==12396==    at 0x17B848: Timer::inc(timeval&, long, long) (Timer.cc:95)
==12396==    by 0x17B7DE: Timer::updateTimer() (Timer.cc:84)
==12396==    by 0x17B9D6: Timer::setMode(TimerMode) (Timer.cc:147)
==12396==    by 0x175060: VirtualMachine::postScavenge() (Vm.cc:379)
==12396==    by 0x14A753: Heap::traverseRootSets(void (RootSet::*)()) (Heap.cc:972)
==12396==    by 0x14AB77: Heap::scavenge() (Heap.cc:1140)
==12396==    by 0x14A8E2: Heap::scavengeAndAlloc(unsigned int) (Heap.cc:1038)
==12396==    by 0x14B11E: palloc(unsigned int) (Heap.cc:1332)
==12396==    by 0x128BCE: CodeVec::create(int) (Code.cc:281)
==12396==    by 0x128151: CodeBuf::growCodevec(int) (Code.cc:93)
==12396==    by 0x128079: CodeBuf::deposit(Instr) (Code.cc:78)
==12396==    by 0x1282C2: CodeBuf::emitF0(Opcode, unsigned int) (Code.cc:112)
==12396== 
==12396== Conditional jump or move depends on uninitialised value(s)
==12396==    at 0x17B873: Timer::inc(timeval&, long, long) (Timer.cc:99)
==12396==    by 0x17B7DE: Timer::updateTimer() (Timer.cc:84)
==12396==    by 0x17B9D6: Timer::setMode(TimerMode) (Timer.cc:147)
==12396==    by 0x174FB8: VirtualMachine::preScavenge() (Vm.cc:362)
==12396==    by 0x14A753: Heap::traverseRootSets(void (RootSet::*)()) (Heap.cc:972)
==12396==    by 0x14AA5A: Heap::scavenge() (Heap.cc:1099)
==12396==    by 0x14A8E2: Heap::scavengeAndAlloc(unsigned int) (Heap.cc:1038)
==12396==    by 0x14B11E: palloc(unsigned int) (Heap.cc:1332)
==12396==    by 0x128BCE: CodeVec::create(int) (Code.cc:281)
==12396==    by 0x128A68: CodeBuf::finish() (Code.cc:255)
==12396==    by 0x129F0C: Code::create(CodeBuf*, Tuple*) (Code.cc:814)
==12396==    by 0x175464: VirtualMachine::handleApplyPrimUpcall(Instr, Location) (Vm.cc:506)
==12396== 
==12396== Conditional jump or move depends on uninitialised value(s)
==12396==    at 0x17B873: Timer::inc(timeval&, long, long) (Timer.cc:99)
==12396==    by 0x17B7DE: Timer::updateTimer() (Timer.cc:84)
==12396==    by 0x17B9D6: Timer::setMode(TimerMode) (Timer.cc:147)
==12396==    by 0x175060: VirtualMachine::postScavenge() (Vm.cc:379)
==12396==    by 0x14A753: Heap::traverseRootSets(void (RootSet::*)()) (Heap.cc:972)
==12396==    by 0x14AB77: Heap::scavenge() (Heap.cc:1140)
==12396==    by 0x14A8E2: Heap::scavengeAndAlloc(unsigned int) (Heap.cc:1038)
==12396==    by 0x14B11E: palloc(unsigned int) (Heap.cc:1332)
==12396==    by 0x128BCE: CodeVec::create(int) (Code.cc:281)
==12396==    by 0x128A68: CodeBuf::finish() (Code.cc:255)
==12396==    by 0x129F0C: Code::create(CodeBuf*, Tuple*) (Code.cc:814)
==12396==    by 0x175464: VirtualMachine::handleApplyPrimUpcall(Instr, Location) (Vm.cc:506)
==12396== 
==12396== Mismatched free() / delete / delete []
==12396==    at 0x482F8F8: operator delete(void*) (in /usr/lib/valgrind/vgpreload_memcheck-x86-linux.so)
==12396==    by 0x15E13A: _f_objectToSymbol(Ob*, Ctxt*) (Ob.cc:1351)
==12396==    by 0x165E6D: Prim::dispatchHelper(Ctxt*) (Prim.cc:104)
==12396==    by 0x165F3C: Prim::dispatch(Ctxt*) (Prim.cc:115)
==12396==    by 0x166015: Prim::invoke(Ctxt*) (Prim.cc:140)
==12396==    by 0x15BF23: Ob::lookupAndInvoke(Ctxt*) (Ob.cc:784)
==12396==    by 0x15FA82: StdOprn::dispatch(Ctxt*) (Operation.cc:80)
==12396==    by 0x1767FA: VirtualMachine::execute() (Vm.cc:874)
==12396==    by 0x1762FC: VirtualMachine::load(Ob*) (Vm.cc:733)
==12396==    by 0x125DAD: LoadBootFiles() (BigBang.cc:549)
==12396==    by 0x12606F: BigBang(int, char**, char**) (BigBang.cc:639)
==12396==    by 0x17D53C: main (main.cc:56)
==12396==  Address 0x4ce3b18 is 0 bytes inside a block of size 9 alloc'd
==12396==    at 0x482EF8C: operator new[](unsigned int) (in /usr/lib/valgrind/vgpreload_memcheck-x86-linux.so)
==12396==    by 0x15E155: _f_objectToSymbol(Ob*, Ctxt*) (Ob.cc:1353)
==12396==    by 0x165E6D: Prim::dispatchHelper(Ctxt*) (Prim.cc:104)
==12396==    by 0x176EE7: VirtualMachine::execute() (Vm.cc:1034)
==12396==    by 0x1762FC: VirtualMachine::load(Ob*) (Vm.cc:733)
==12396==    by 0x125DAD: LoadBootFiles() (BigBang.cc:549)
==12396==    by 0x12606F: BigBang(int, char**, char**) (BigBang.cc:639)
==12396==    by 0x17D53C: main (main.cc:56)
==12396== 
==12396== Mismatched free() / delete / delete []
==12396==    at 0x482F8F8: operator delete(void*) (in /usr/lib/valgrind/vgpreload_memcheck-x86-linux.so)
==12396==    by 0x16FD46: Reader::growBuffer() (Reader.cc:1800)
==12396==    by 0x170271: Reader::buffer(int) (Reader.cc:213)
==12396==    by 0x1702DE: Reader::accept(int, int) (Reader.cc:227)
==12396==    by 0x16D56C: StringFrame_Reader::process(int, Reader*) (Reader.cc:639)
==12396==    by 0x16F75A: Reader::resumeExpr() (Reader.cc:1598)
==12396==    by 0x16F4B8: Reader::readExpr() (Reader.cc:1495)
==12396==    by 0x16BB17: _f_istreamRead(Ob*, Ctxt*) (RBLstream.cc:170)
==12396==    by 0x165E6D: Prim::dispatchHelper(Ctxt*) (Prim.cc:104)
==12396==    by 0x176B9F: VirtualMachine::execute() (Vm.cc:969)
==12396==    by 0x1762FC: VirtualMachine::load(Ob*) (Vm.cc:733)
==12396==    by 0x125DAD: LoadBootFiles() (BigBang.cc:549)
==12396==  Address 0x4db69a0 is 0 bytes inside a block of size 128 alloc'd
==12396==    at 0x482EF8C: operator new[](unsigned int) (in /usr/lib/valgrind/vgpreload_memcheck-x86-linux.so)
==12396==    by 0x16FD09: Reader::growBuffer() (Reader.cc:1797)
==12396==    by 0x170271: Reader::buffer(int) (Reader.cc:213)
==12396==    by 0x1702DE: Reader::accept(int, int) (Reader.cc:227)
==12396==    by 0x16DDD0: AtomReadMacro::start(int, Reader*) (Reader.cc:973)
==12396==    by 0x16F702: Reader::resumeExpr() (Reader.cc:1591)
==12396==    by 0x16F4B8: Reader::readExpr() (Reader.cc:1495)
==12396==    by 0x16BB17: _f_istreamRead(Ob*, Ctxt*) (RBLstream.cc:170)
==12396==    by 0x165E6D: Prim::dispatchHelper(Ctxt*) (Prim.cc:104)
==12396==    by 0x176D18: VirtualMachine::execute() (Vm.cc:1001)
==12396==    by 0x1762FC: VirtualMachine::load(Ob*) (Vm.cc:733)
==12396==    by 0x125DAD: LoadBootFiles() (BigBang.cc:549)
==12396== 
==12396== Conditional jump or move depends on uninitialised value(s)
==12396==    at 0x17B848: Timer::inc(timeval&, long, long) (Timer.cc:95)
==12396==    by 0x17B7B2: Timer::updateTimer() (Timer.cc:80)
==12396==    by 0x17B96A: Timer::stop() (Timer.cc:127)
==12396==    by 0x152B57: Monitor::stop() (Monitor.cc:99)
==12396==    by 0x174582: VirtualMachine::installMonitor(Monitor*) (Vm.cc:158)
==12396==    by 0x17475B: VirtualMachine::getNextStrand() (Vm.cc:212)
==12396==    by 0x177292: VirtualMachine::execute() (Vm.cc:1121)
==12396==    by 0x17D56D: main (main.cc:58)
==12396== 
==12396== Conditional jump or move depends on uninitialised value(s)
==12396==    at 0x17B848: Timer::inc(timeval&, long, long) (Timer.cc:95)
==12396==    by 0x17B7DE: Timer::updateTimer() (Timer.cc:84)
==12396==    by 0x17B96A: Timer::stop() (Timer.cc:127)
==12396==    by 0x152B57: Monitor::stop() (Monitor.cc:99)
==12396==    by 0x174582: VirtualMachine::installMonitor(Monitor*) (Vm.cc:158)
==12396==    by 0x17475B: VirtualMachine::getNextStrand() (Vm.cc:212)
==12396==    by 0x177292: VirtualMachine::execute() (Vm.cc:1121)
==12396==    by 0x17D56D: main (main.cc:58)
==12396== 
==12396== Conditional jump or move depends on uninitialised value(s)
==12396==    at 0x17B873: Timer::inc(timeval&, long, long) (Timer.cc:99)
==12396==    by 0x17B7DE: Timer::updateTimer() (Timer.cc:84)
==12396==    by 0x17B96A: Timer::stop() (Timer.cc:127)
==12396==    by 0x152B57: Monitor::stop() (Monitor.cc:99)
==12396==    by 0x174582: VirtualMachine::installMonitor(Monitor*) (Vm.cc:158)
==12396==    by 0x17475B: VirtualMachine::getNextStrand() (Vm.cc:212)
==12396==    by 0x177292: VirtualMachine::execute() (Vm.cc:1121)
==12396==    by 0x17D56D: main (main.cc:58)
==12396== 
==12396== Mismatched free() / delete / delete []
==12396==    at 0x482F8F8: operator delete(void*) (in /usr/lib/valgrind/vgpreload_memcheck-x86-linux.so)
==12396==    by 0x179AE2: ResizeablePtrArray::~ResizeablePtrArray() (ResizeAry.cc:37)
==12396==    by 0x14B958: PtrCollection::~PtrCollection() (PtrCollect.h:37)
==12396==    by 0x14BB5B: ObStk::~ObStk() (ObStk.h:38)
==12396==    by 0x174411: VirtualMachine::~VirtualMachine() (Vm.cc:118)
==12396==    by 0x174468: VirtualMachine::~VirtualMachine() (Vm.cc:120)
==12396==    by 0x12612A: BigCrunch() (BigBang.cc:654)
==12396==    by 0x17D68D: main (main.cc:87)
==12396==  Address 0x4cdade0 is 0 bytes inside a block of size 128 alloc'd
==12396==    at 0x482EF8C: operator new[](unsigned int) (in /usr/lib/valgrind/vgpreload_memcheck-x86-linux.so)
==12396==    by 0x179BB2: ResizeablePtrArray::ResizeablePtrArray(int) (ResizeAry.h:62)
==12396==    by 0x17978C: PtrCollection::PtrCollection() (PtrCollect.cc:34)
==12396==    by 0x1796BC: ObStk::ObStk() (ObStk.h:60)
==12396==    by 0x1742BF: VirtualMachine::VirtualMachine() (Vm.cc:90)
==12396==    by 0x125FF9: BigBang(int, char**, char**) (BigBang.cc:635)
==12396==    by 0x17D53C: main (main.cc:56)
==12396== 
==12396== Mismatched free() / delete / delete []
==12396==    at 0x482F8F8: operator delete(void*) (in /usr/lib/valgrind/vgpreload_memcheck-x86-linux.so)
==12396==    by 0x178E5E: ObQue::~ObQue() (ObQue.cc:50)
==12396==    by 0x174433: VirtualMachine::~VirtualMachine() (Vm.cc:119)
==12396==    by 0x174468: VirtualMachine::~VirtualMachine() (Vm.cc:120)
==12396==    by 0x12612A: BigCrunch() (BigBang.cc:654)
==12396==    by 0x17D68D: main (main.cc:87)
==12396==  Address 0x4cdaed8 is 0 bytes inside a block of size 128 alloc'd
==12396==    at 0x482EF8C: operator new[](unsigned int) (in /usr/lib/valgrind/vgpreload_memcheck-x86-linux.so)
==12396==    by 0x178DBD: ObQue::ObQue() (ObQue.cc:35)
==12396==    by 0x1742E4: VirtualMachine::VirtualMachine() (Vm.cc:91)
==12396==    by 0x125FF9: BigBang(int, char**, char**) (BigBang.cc:635)
==12396==    by 0x17D53C: main (main.cc:56)
==12396== 
==12396== Mismatched free() / delete / delete []
==12396==    at 0x482F8F8: operator delete(void*) (in /usr/lib/valgrind/vgpreload_memcheck-x86-linux.so)
==12396==    by 0x149424: NewSpace::~NewSpace() (Heap.cc:414)
==12396==    by 0x14A5B8: Heap::~Heap() (Heap.cc:958)
==12396==    by 0x126142: BigCrunch() (BigBang.cc:655)
==12396==    by 0x17D68D: main (main.cc:87)
==12396==  Address 0x4c04000 is 0 bytes inside a block of size 786,432 alloc'd
==12396==    at 0x4830544: memalign (in /usr/lib/valgrind/vgpreload_memcheck-x86-linux.so)
==12396==    by 0x4830612: valloc (in /usr/lib/valgrind/vgpreload_memcheck-x86-linux.so)
==12396==    by 0x1492B3: NewSpace::NewSpace(unsigned int, unsigned int) (Heap.cc:399)
==12396==    by 0x14A3C7: Heap::Heap(unsigned int, unsigned int, unsigned int) (Heap.cc:940)
==12396==    by 0x125FC5: BigBang(int, char**, char**) (BigBang.cc:631)
==12396==    by 0x17D53C: main (main.cc:56)
==12396== 
==12396== Mismatched free() / delete / delete []
==12396==    at 0x482F8F8: operator delete(void*) (in /usr/lib/valgrind/vgpreload_memcheck-x86-linux.so)
==12396==    by 0x14973A: OldSpaceChunk::~OldSpaceChunk() (Heap.cc:593)
==12396==    by 0x149B2A: OldSpace::~OldSpace() (Heap.cc:680)
==12396==    by 0x14A5E5: Heap::~Heap() (Heap.cc:959)
==12396==    by 0x126142: BigCrunch() (BigBang.cc:655)
==12396==    by 0x17D68D: main (main.cc:87)
==12396==  Address 0x4e03000 is 0 bytes inside a block of size 32,768 alloc'd
==12396==    at 0x4830544: memalign (in /usr/lib/valgrind/vgpreload_memcheck-x86-linux.so)
==12396==    by 0x4830612: valloc (in /usr/lib/valgrind/vgpreload_memcheck-x86-linux.so)
==12396==    by 0x1496E9: OldSpaceChunk::OldSpaceChunk(unsigned int, OldSpaceChunk*, OldSpace*) (Heap.cc:587)
==12396==    by 0x149929: OldSpace::addChunk(int) (Heap.cc:639)
==12396==    by 0x149D2C: OldSpace::alloc(unsigned int) (Heap.cc:744)
==12396==    by 0x14A9C2: Heap::copyAndForward(Ob*) (Heap.cc:1075)
==12396==    by 0x14B0D3: Ob::relocate() (Heap.cc:1323)
==12396==    by 0x15F5EA: inlineUseIfPtr(void*, Ob* (Ob::*)()) (Ob.cc:311)
==12396==    by 0x15AA22: Ob::traversePtrs(Ob* (Ob::*)()) (Ob.cc:368)
==12396==    by 0x1494D8: NewSpace::scavenge() (Heap.cc:448)
==12396==    by 0x14AA92: Heap::scavenge() (Heap.cc:1117)
==12396==    by 0x14AD5D: Heap::tenureEverything() (Heap.cc:1210)
==12396== 
==12396== Mismatched free() / delete / delete []
==12396==    at 0x482F8F8: operator delete(void*) (in /usr/lib/valgrind/vgpreload_memcheck-x86-linux.so)
==12396==    by 0x149B56: OldSpace::~OldSpace() (Heap.cc:683)
==12396==    by 0x14A5E5: Heap::~Heap() (Heap.cc:959)
==12396==    by 0x126142: BigCrunch() (BigBang.cc:655)
==12396==    by 0x17D68D: main (main.cc:87)
==12396==  Address 0x4c035f0 is 0 bytes inside a block of size 276 alloc'd
==12396==    at 0x482EF8C: operator new[](unsigned int) (in /usr/lib/valgrind/vgpreload_memcheck-x86-linux.so)
==12396==    by 0x149A84: OldSpace::OldSpace(unsigned int) (Heap.cc:668)
==12396==    by 0x14A3EC: Heap::Heap(unsigned int, unsigned int, unsigned int) (Heap.cc:941)
==12396==    by 0x125FC5: BigBang(int, char**, char**) (BigBang.cc:631)
==12396==    by 0x17D53C: main (main.cc:56)
==12396== 
==12396== Mismatched free() / delete / delete []
==12396==    at 0x482F8F8: operator delete(void*) (in /usr/lib/valgrind/vgpreload_memcheck-x86-linux.so)
==12396==    by 0x179AE2: ResizeablePtrArray::~ResizeablePtrArray() (ResizeAry.cc:37)
==12396==    by 0x14B958: PtrCollection::~PtrCollection() (PtrCollect.h:37)
==12396==    by 0x14A66F: Heap::~Heap() (Heap.cc:962)
==12396==    by 0x126142: BigCrunch() (BigBang.cc:655)
==12396==    by 0x17D68D: main (main.cc:87)
==12396==  Address 0x4c03a48 is 0 bytes inside a block of size 128 alloc'd
==12396==    at 0x482EF8C: operator new[](unsigned int) (in /usr/lib/valgrind/vgpreload_memcheck-x86-linux.so)
==12396==    by 0x179BB2: ResizeablePtrArray::ResizeablePtrArray(int) (ResizeAry.h:62)
==12396==    by 0x17978C: PtrCollection::PtrCollection() (PtrCollect.cc:34)
==12396==    by 0x14A47C: Heap::Heap(unsigned int, unsigned int, unsigned int) (Heap.cc:944)
==12396==    by 0x125FC5: BigBang(int, char**, char**) (BigBang.cc:631)
==12396==    by 0x17D53C: main (main.cc:56)
==12396== 
==12396== Mismatched free() / delete / delete []
==12396==    at 0x482F8F8: operator delete(void*) (in /usr/lib/valgrind/vgpreload_memcheck-x86-linux.so)
==12396==    by 0x17B41A: RosetteStringTable::~RosetteStringTable() (StringStore.cc:258)
==12396==    by 0x4A6CAAA: __run_exit_handlers (exit.c:83)
==12396==    by 0x4A6CB10: exit (exit.c:105)
==12396==    by 0x17D697: main (main.cc:89)
==12396==  Address 0x4c02ac8 is 0 bytes inside a block of size 2,052 alloc'd
==12396==    at 0x482EF8C: operator new[](unsigned int) (in /usr/lib/valgrind/vgpreload_memcheck-x86-linux.so)
==12396==    by 0x17B395: RosetteStringTable::RosetteStringTable(unsigned long) (StringStore.cc:247)
==12396==    by 0x17B609: __static_initialization_and_destruction_0(int, int) (StringStore.cc:284)
==12396==    by 0x17B651: _GLOBAL__sub_I__ZN6BucketC2EPKcPS_ (StringStore.cc:291)
==12396==    by 0x18342A: __libc_csu_init (in /home/stevop/Rosette/bin/boot-ess)
==12396==    by 0x4A56205: (below main) (libc-start.c:247)
==12396== 
==12396== Mismatched free() / delete / delete []
==12396==    at 0x482F8F8: operator delete(void*) (in /usr/lib/valgrind/vgpreload_memcheck-x86-linux.so)
==12396==    by 0x17B242: StringChunk::~StringChunk() (StringStore.cc:168)
==12396==    by 0x17B42F: RosetteStringTable::~RosetteStringTable() (StringStore.cc:259)
==12396==    by 0x4A6CAAA: __run_exit_handlers (exit.c:83)
==12396==    by 0x4A6CB10: exit (exit.c:105)
==12396==    by 0x17D697: main (main.cc:89)
==12396==  Address 0x4d7d798 is 0 bytes inside a block of size 8,192 alloc'd
==12396==    at 0x482EF8C: operator new[](unsigned int) (in /usr/lib/valgrind/vgpreload_memcheck-x86-linux.so)
==12396==    by 0x17B1D2: StringChunk::StringChunk(StringChunk*, unsigned long) (StringStore.cc:156)
==12396==    by 0x17B521: RosetteStringTable::intern(char const*) (StringStore.cc:274)
==12396==    by 0x17B5CF: intern(char const*) (StringStore.cc:290)
==12396==    by 0x16FE11: Reader::finalizeAtom() (Reader.cc:1831)
==12396==    by 0x16F7A5: Reader::resumeExpr() (Reader.cc:1619)
==12396==    by 0x16F4B8: Reader::readExpr() (Reader.cc:1495)
==12396==    by 0x16BB17: _f_istreamRead(Ob*, Ctxt*) (RBLstream.cc:170)
==12396==    by 0x165E6D: Prim::dispatchHelper(Ctxt*) (Prim.cc:104)
==12396==    by 0x176B9F: VirtualMachine::execute() (Vm.cc:969)
==12396==    by 0x1762FC: VirtualMachine::load(Ob*) (Vm.cc:733)
==12396==    by 0x125DAD: LoadBootFiles() (BigBang.cc:549)
==12396== 
==12396== Mismatched free() / delete / delete []
==12396==    at 0x482F8F8: operator delete(void*) (in /usr/lib/valgrind/vgpreload_memcheck-x86-linux.so)
==12396==    by 0x17B242: StringChunk::~StringChunk() (StringStore.cc:168)
==12396==    by 0x17B260: StringChunk::~StringChunk() (StringStore.cc:170)
==12396==    by 0x17B42F: RosetteStringTable::~RosetteStringTable() (StringStore.cc:259)
==12396==    by 0x4A6CAAA: __run_exit_handlers (exit.c:83)
==12396==    by 0x4A6CB10: exit (exit.c:105)
==12396==    by 0x17D697: main (main.cc:89)
==12396==  Address 0x4cde928 is 0 bytes inside a block of size 8,192 alloc'd
==12396==    at 0x482EF8C: operator new[](unsigned int) (in /usr/lib/valgrind/vgpreload_memcheck-x86-linux.so)
==12396==    by 0x17B1D2: StringChunk::StringChunk(StringChunk*, unsigned long) (StringStore.cc:156)
==12396==    by 0x17B521: RosetteStringTable::intern(char const*) (StringStore.cc:274)
==12396==    by 0x17B5CF: intern(char const*) (StringStore.cc:290)
==12396==    by 0x16FE11: Reader::finalizeAtom() (Reader.cc:1831)
==12396==    by 0x16F7A5: Reader::resumeExpr() (Reader.cc:1619)
==12396==    by 0x16F4B8: Reader::readExpr() (Reader.cc:1495)
==12396==    by 0x125D81: LoadBootFiles() (BigBang.cc:548)
==12396==    by 0x12606F: BigBang(int, char**, char**) (BigBang.cc:639)
==12396==    by 0x17D53C: main (main.cc:56)
==12396== 
==12396== Mismatched free() / delete / delete []
==12396==    at 0x482F8F8: operator delete(void*) (in /usr/lib/valgrind/vgpreload_memcheck-x86-linux.so)
==12396==    by 0x17B242: StringChunk::~StringChunk() (StringStore.cc:168)
==12396==    by 0x17B260: StringChunk::~StringChunk() (StringStore.cc:170)
==12396==    by 0x17B260: StringChunk::~StringChunk() (StringStore.cc:170)
==12396==    by 0x17B42F: RosetteStringTable::~RosetteStringTable() (StringStore.cc:259)
==12396==    by 0x4A6CAAA: __run_exit_handlers (exit.c:83)
==12396==    by 0x4A6CB10: exit (exit.c:105)
==12396==    by 0x17D697: main (main.cc:89)
==12396==  Address 0x4c00a98 is 0 bytes inside a block of size 8,192 alloc'd
==12396==    at 0x482EF8C: operator new[](unsigned int) (in /usr/lib/valgrind/vgpreload_memcheck-x86-linux.so)
==12396==    by 0x17B1D2: StringChunk::StringChunk(StringChunk*, unsigned long) (StringStore.cc:156)
==12396==    by 0x17B36E: RosetteStringTable::RosetteStringTable(unsigned long) (StringStore.cc:246)
==12396==    by 0x17B609: __static_initialization_and_destruction_0(int, int) (StringStore.cc:284)
==12396==    by 0x17B651: _GLOBAL__sub_I__ZN6BucketC2EPKcPS_ (StringStore.cc:291)
==12396==    by 0x18342A: __libc_csu_init (in /home/stevop/Rosette/bin/boot-ess)
==12396==    by 0x4A56205: (below main) (libc-start.c:247)
==12396== 
==12396== 
==12396== HEAP SUMMARY:
==12396==     in use at exit: 64,970 bytes in 1,885 blocks
==12396==   total heap usage: 2,051 allocs, 166 frees, 2,038,994 bytes allocated
==12396== 
==12396== 8 bytes in 1 blocks are definitely lost in loss record 150 of 203
==12396==    at 0x482E89C: operator new(unsigned int) (in /usr/lib/valgrind/vgpreload_memcheck-x86-linux.so)
==12396==    by 0x17B54C: RosetteStringTable::intern(char const*) (StringStore.cc:276)
==12396==    by 0x17B5CF: intern(char const*) (StringStore.cc:290)
==12396==    by 0x124DEB: BuiltinClass::obfield(char const*, int, int) (BigBang.cc:292)
==12396==    by 0x16651B: _bcf_bc_Proc(BuiltinClass*) (Proc.cc:42)
==12396==    by 0x124CB1: BuiltinClass::init() (BigBang.cc:270)
==12396==    by 0x124A64: BuiltinClass::initBuiltinClasses() (BigBang.cc:157)
==12396==    by 0x1254D9: InitBuiltinObs() (BigBang.cc:406)
==12396==    by 0x125FDA: BigBang(int, char**, char**) (BigBang.cc:633)
==12396==    by 0x17D53C: main (main.cc:56)
==12396== 
==12396== 8 bytes in 1 blocks are definitely lost in loss record 151 of 203
==12396==    at 0x482E89C: operator new(unsigned int) (in /usr/lib/valgrind/vgpreload_memcheck-x86-linux.so)
==12396==    by 0x17B54C: RosetteStringTable::intern(char const*) (StringStore.cc:276)
==12396==    by 0x17B5CF: intern(char const*) (StringStore.cc:290)
==12396==    by 0x123A31: _mi_RblAtom_initFn() (RblAtom.cc:514)
==12396==    by 0x152798: Module::initModules() (ModuleInit.cc:42)
==12396==    by 0x125692: InitBuiltinObs() (BigBang.cc:427)
==12396==    by 0x125FDA: BigBang(int, char**, char**) (BigBang.cc:633)
==12396==    by 0x17D53C: main (main.cc:56)
==12396== 
==12396== 8 bytes in 1 blocks are definitely lost in loss record 152 of 203
==12396==    at 0x482E89C: operator new(unsigned int) (in /usr/lib/valgrind/vgpreload_memcheck-x86-linux.so)
==12396==    by 0x17B54C: RosetteStringTable::intern(char const*) (StringStore.cc:276)
==12396==    by 0x17B5CF: intern(char const*) (StringStore.cc:290)
==12396==    by 0x15EA1E: Define(char*, Ob*, Ob*) (Ob.cc:1465)
==12396==    by 0x123CBF: _mi_RblAtom_initFn() (RblAtom.cc:539)
==12396==    by 0x152798: Module::initModules() (ModuleInit.cc:42)
==12396==    by 0x125692: InitBuiltinObs() (BigBang.cc:427)
==12396==    by 0x125FDA: BigBang(int, char**, char**) (BigBang.cc:633)
==12396==    by 0x17D53C: main (main.cc:56)
==12396== 
==12396== 12 bytes in 1 blocks are definitely lost in loss record 153 of 203
==12396==    at 0x482E89C: operator new(unsigned int) (in /usr/lib/valgrind/vgpreload_memcheck-x86-linux.so)
==12396==    by 0x1492D5: NewSpace::NewSpace(unsigned int, unsigned int) (Heap.cc:396)
==12396==    by 0x14A3C7: Heap::Heap(unsigned int, unsigned int, unsigned int) (Heap.cc:940)
==12396==    by 0x125FC5: BigBang(int, char**, char**) (BigBang.cc:631)
==12396==    by 0x17D53C: main (main.cc:56)
==12396== 
==12396== 12 bytes in 1 blocks are definitely lost in loss record 154 of 203
==12396==    at 0x482E89C: operator new(unsigned int) (in /usr/lib/valgrind/vgpreload_memcheck-x86-linux.so)
==12396==    by 0x149308: NewSpace::NewSpace(unsigned int, unsigned int) (Heap.cc:397)
==12396==    by 0x14A3C7: Heap::Heap(unsigned int, unsigned int, unsigned int) (Heap.cc:940)
==12396==    by 0x125FC5: BigBang(int, char**, char**) (BigBang.cc:631)
==12396==    by 0x17D53C: main (main.cc:56)
==12396== 
==12396== 12 bytes in 1 blocks are definitely lost in loss record 155 of 203
==12396==    at 0x482E89C: operator new(unsigned int) (in /usr/lib/valgrind/vgpreload_memcheck-x86-linux.so)
==12396==    by 0x149339: NewSpace::NewSpace(unsigned int, unsigned int) (Heap.cc:398)
==12396==    by 0x14A3C7: Heap::Heap(unsigned int, unsigned int, unsigned int) (Heap.cc:940)
==12396==    by 0x125FC5: BigBang(int, char**, char**) (BigBang.cc:631)
==12396==    by 0x17D53C: main (main.cc:56)
==12396== 
==12396== 16 (8 direct, 8 indirect) bytes in 1 blocks are definitely lost in loss record 156 of 203
==12396==    at 0x482E89C: operator new(unsigned int) (in /usr/lib/valgrind/vgpreload_memcheck-x86-linux.so)
==12396==    by 0x17B54C: RosetteStringTable::intern(char const*) (StringStore.cc:276)
==12396==    by 0x17B5CF: intern(char const*) (StringStore.cc:290)
==12396==    by 0x15EA1E: Define(char*, Ob*, Ob*) (Ob.cc:1465)
==12396==    by 0x12551B: InitBuiltinObs() (BigBang.cc:410)
==12396==    by 0x125FDA: BigBang(int, char**, char**) (BigBang.cc:633)
==12396==    by 0x17D53C: main (main.cc:56)
==12396== 
==12396== 16 (8 direct, 8 indirect) bytes in 1 blocks are definitely lost in loss record 157 of 203
==12396==    at 0x482E89C: operator new(unsigned int) (in /usr/lib/valgrind/vgpreload_memcheck-x86-linux.so)
==12396==    by 0x17B54C: RosetteStringTable::intern(char const*) (StringStore.cc:276)
==12396==    by 0x17B5CF: intern(char const*) (StringStore.cc:290)
==12396==    by 0x15FB4A: BuiltinOprn::init() (Operation.cc:100)
==12396==    by 0x15FBF1: BuiltinOprn::initBuiltinOprns() (Operation.cc:111)
==12396==    by 0x12568D: InitBuiltinObs() (BigBang.cc:425)
==12396==    by 0x125FDA: BigBang(int, char**, char**) (BigBang.cc:633)
==12396==    by 0x17D53C: main (main.cc:56)
==12396== 
==12396== 16 (8 direct, 8 indirect) bytes in 1 blocks are definitely lost in loss record 158 of 203
==12396==    at 0x482E89C: operator new(unsigned int) (in /usr/lib/valgrind/vgpreload_memcheck-x86-linux.so)
==12396==    by 0x17B54C: RosetteStringTable::intern(char const*) (StringStore.cc:276)
==12396==    by 0x17B5CF: intern(char const*) (StringStore.cc:290)
==12396==    by 0x15EA1E: Define(char*, Ob*, Ob*) (Ob.cc:1465)
==12396==    by 0x15598D: _mi_MI_initFn() (MI.cc:605)
==12396==    by 0x152798: Module::initModules() (ModuleInit.cc:42)
==12396==    by 0x125692: InitBuiltinObs() (BigBang.cc:427)
==12396==    by 0x125FDA: BigBang(int, char**, char**) (BigBang.cc:633)
==12396==    by 0x17D53C: main (main.cc:56)
==12396== 
==12396== 24 (8 direct, 16 indirect) bytes in 1 blocks are definitely lost in loss record 159 of 203
==12396==    at 0x482E89C: operator new(unsigned int) (in /usr/lib/valgrind/vgpreload_memcheck-x86-linux.so)
==12396==    by 0x17B54C: RosetteStringTable::intern(char const*) (StringStore.cc:276)
==12396==    by 0x17B5CF: intern(char const*) (StringStore.cc:290)
==12396==    by 0x16FE11: Reader::finalizeAtom() (Reader.cc:1831)
==12396==    by 0x16F7A5: Reader::resumeExpr() (Reader.cc:1619)
==12396==    by 0x16F4B8: Reader::readExpr() (Reader.cc:1495)
==12396==    by 0x16BB17: _f_istreamRead(Ob*, Ctxt*) (RBLstream.cc:170)
==12396==    by 0x165E6D: Prim::dispatchHelper(Ctxt*) (Prim.cc:104)
==12396==    by 0x176D18: VirtualMachine::execute() (Vm.cc:1001)
==12396==    by 0x17D56D: main (main.cc:58)
==12396== 
==12396== 32 (8 direct, 24 indirect) bytes in 1 blocks are definitely lost in loss record 162 of 203
==12396==    at 0x482E89C: operator new(unsigned int) (in /usr/lib/valgrind/vgpreload_memcheck-x86-linux.so)
==12396==    by 0x17B54C: RosetteStringTable::intern(char const*) (StringStore.cc:276)
==12396==    by 0x17B5CF: intern(char const*) (StringStore.cc:290)
==12396==    by 0x16FE11: Reader::finalizeAtom() (Reader.cc:1831)
==12396==    by 0x16D3E0: AtomFrame_Reader::process(int, Reader*) (Reader.cc:587)
==12396==    by 0x16F75A: Reader::resumeExpr() (Reader.cc:1598)
==12396==    by 0x16F4B8: Reader::readExpr() (Reader.cc:1495)
==12396==    by 0x16BB17: _f_istreamRead(Ob*, Ctxt*) (RBLstream.cc:170)
==12396==    by 0x165E6D: Prim::dispatchHelper(Ctxt*) (Prim.cc:104)
==12396==    by 0x176D18: VirtualMachine::execute() (Vm.cc:1001)
==12396==    by 0x1762FC: VirtualMachine::load(Ob*) (Vm.cc:733)
==12396==    by 0x125DAD: LoadBootFiles() (BigBang.cc:549)
==12396== 
==12396== 40 (8 direct, 32 indirect) bytes in 1 blocks are definitely lost in loss record 164 of 203
==12396==    at 0x482E89C: operator new(unsigned int) (in /usr/lib/valgrind/vgpreload_memcheck-x86-linux.so)
==12396==    by 0x17B54C: RosetteStringTable::intern(char const*) (StringStore.cc:276)
==12396==    by 0x17B5CF: intern(char const*) (StringStore.cc:290)
==12396==    by 0x181B80: _f_configParams(Ob*, Ctxt*) (BaseSupp.cc:987)
==12396==    by 0x165E6D: Prim::dispatchHelper(Ctxt*) (Prim.cc:104)
==12396==    by 0x176D18: VirtualMachine::execute() (Vm.cc:1001)
==12396==    by 0x1762FC: VirtualMachine::load(Ob*) (Vm.cc:733)
==12396==    by 0x125DAD: LoadBootFiles() (BigBang.cc:549)
==12396==    by 0x12606F: BigBang(int, char**, char**) (BigBang.cc:639)
==12396==    by 0x17D53C: main (main.cc:56)
==12396== 
==12396== 48 (8 direct, 40 indirect) bytes in 1 blocks are definitely lost in loss record 165 of 203
==12396==    at 0x482E89C: operator new(unsigned int) (in /usr/lib/valgrind/vgpreload_memcheck-x86-linux.so)
==12396==    by 0x17B54C: RosetteStringTable::intern(char const*) (StringStore.cc:276)
==12396==    by 0x17B5CF: intern(char const*) (StringStore.cc:290)
==12396==    by 0x181C02: _f_configParams(Ob*, Ctxt*) (BaseSupp.cc:989)
==12396==    by 0x165E6D: Prim::dispatchHelper(Ctxt*) (Prim.cc:104)
==12396==    by 0x176D18: VirtualMachine::execute() (Vm.cc:1001)
==12396==    by 0x1762FC: VirtualMachine::load(Ob*) (Vm.cc:733)
==12396==    by 0x125DAD: LoadBootFiles() (BigBang.cc:549)
==12396==    by 0x12606F: BigBang(int, char**, char**) (BigBang.cc:639)
==12396==    by 0x17D53C: main (main.cc:56)
==12396== 
==12396== 56 (24 direct, 32 indirect) bytes in 3 blocks are definitely lost in loss record 166 of 203
==12396==    at 0x482E89C: operator new(unsigned int) (in /usr/lib/valgrind/vgpreload_memcheck-x86-linux.so)
==12396==    by 0x17B54C: RosetteStringTable::intern(char const*) (StringStore.cc:276)
==12396==    by 0x17B5CF: intern(char const*) (StringStore.cc:290)
==12396==    by 0x125C3C: GetEnvp(char**) (BigBang.cc:528)
==12396==    by 0x12604F: BigBang(int, char**, char**) (BigBang.cc:638)
==12396==    by 0x17D53C: main (main.cc:56)
==12396== 
==12396== 112 (72 direct, 40 indirect) bytes in 9 blocks are definitely lost in loss record 170 of 203
==12396==    at 0x482E89C: operator new(unsigned int) (in /usr/lib/valgrind/vgpreload_memcheck-x86-linux.so)
==12396==    by 0x17B54C: RosetteStringTable::intern(char const*) (StringStore.cc:276)
==12396==    by 0x17B5CF: intern(char const*) (StringStore.cc:290)
==12396==    by 0x15EA1E: Define(char*, Ob*, Ob*) (Ob.cc:1465)
==12396==    by 0x124FDE: BuiltinClass::enter() (BigBang.cc:321)
==12396==    by 0x124AA3: BuiltinClass::enterBuiltinClasses() (BigBang.cc:165)
==12396==    by 0x1254DE: InitBuiltinObs() (BigBang.cc:407)
==12396==    by 0x125FDA: BigBang(int, char**, char**) (BigBang.cc:633)
==12396==    by 0x17D53C: main (main.cc:56)
==12396== 
==12396== 128 bytes in 1 blocks are definitely lost in loss record 171 of 203
==12396==    at 0x482EF8C: operator new[](unsigned int) (in /usr/lib/valgrind/vgpreload_memcheck-x86-linux.so)
==12396==    by 0x179BB2: ResizeablePtrArray::ResizeablePtrArray(int) (ResizeAry.h:62)
==12396==    by 0x17978C: PtrCollection::PtrCollection() (PtrCollect.cc:34)
==12396==    by 0x1796BC: ObStk::ObStk() (ObStk.h:60)
==12396==    by 0x16F1A9: Reader::Reader(ReadTable*, _IO_FILE*) (Reader.cc:1450)
==12396==    by 0x16F398: Reader::create(_IO_FILE*) (Reader.cc:1468)
==12396==    by 0x16B83D: _mi_RBLstream_initFn() (RBLstream.cc:131)
==12396==    by 0x152798: Module::initModules() (ModuleInit.cc:42)
==12396==    by 0x125692: InitBuiltinObs() (BigBang.cc:427)
==12396==    by 0x125FDA: BigBang(int, char**, char**) (BigBang.cc:633)
==12396==    by 0x17D53C: main (main.cc:56)
==12396== 
==12396== 128 bytes in 1 blocks are definitely lost in loss record 172 of 203
==12396==    at 0x482EF8C: operator new[](unsigned int) (in /usr/lib/valgrind/vgpreload_memcheck-x86-linux.so)
==12396==    by 0x16FD09: Reader::growBuffer() (Reader.cc:1797)
==12396==    by 0x170271: Reader::buffer(int) (Reader.cc:213)
==12396==    by 0x1702DE: Reader::accept(int, int) (Reader.cc:227)
==12396==    by 0x16DDD0: AtomReadMacro::start(int, Reader*) (Reader.cc:973)
==12396==    by 0x16F702: Reader::resumeExpr() (Reader.cc:1591)
==12396==    by 0x16F4B8: Reader::readExpr() (Reader.cc:1495)
==12396==    by 0x125D81: LoadBootFiles() (BigBang.cc:548)
==12396==    by 0x12606F: BigBang(int, char**, char**) (BigBang.cc:639)
==12396==    by 0x17D53C: main (main.cc:56)
==12396== 
==12396== 128 bytes in 1 blocks are definitely lost in loss record 173 of 203
==12396==    at 0x482EF8C: operator new[](unsigned int) (in /usr/lib/valgrind/vgpreload_memcheck-x86-linux.so)
==12396==    by 0x16FD09: Reader::growBuffer() (Reader.cc:1797)
==12396==    by 0x170271: Reader::buffer(int) (Reader.cc:213)
==12396==    by 0x1702DE: Reader::accept(int, int) (Reader.cc:227)
==12396==    by 0x16DDD0: AtomReadMacro::start(int, Reader*) (Reader.cc:973)
==12396==    by 0x16F702: Reader::resumeExpr() (Reader.cc:1591)
==12396==    by 0x16F4B8: Reader::readExpr() (Reader.cc:1495)
==12396==    by 0x16BB17: _f_istreamRead(Ob*, Ctxt*) (RBLstream.cc:170)
==12396==    by 0x165E6D: Prim::dispatchHelper(Ctxt*) (Prim.cc:104)
==12396==    by 0x176D18: VirtualMachine::execute() (Vm.cc:1001)
==12396==    by 0x17D56D: main (main.cc:58)
==12396== 
==12396== 128 (40 direct, 88 indirect) bytes in 5 blocks are definitely lost in loss record 174 of 203
==12396==    at 0x482E89C: operator new(unsigned int) (in /usr/lib/valgrind/vgpreload_memcheck-x86-linux.so)
==12396==    by 0x17B54C: RosetteStringTable::intern(char const*) (StringStore.cc:276)
==12396==    by 0x17B5CF: intern(char const*) (StringStore.cc:290)
==12396==    by 0x16FE11: Reader::finalizeAtom() (Reader.cc:1831)
==12396==    by 0x16D3E0: AtomFrame_Reader::process(int, Reader*) (Reader.cc:587)
==12396==    by 0x16F75A: Reader::resumeExpr() (Reader.cc:1598)
==12396==    by 0x16F4B8: Reader::readExpr() (Reader.cc:1495)
==12396==    by 0x16BB17: _f_istreamRead(Ob*, Ctxt*) (RBLstream.cc:170)
==12396==    by 0x165E6D: Prim::dispatchHelper(Ctxt*) (Prim.cc:104)
==12396==    by 0x176B9F: VirtualMachine::execute() (Vm.cc:969)
==12396==    by 0x1762FC: VirtualMachine::load(Ob*) (Vm.cc:733)
==12396==    by 0x125DAD: LoadBootFiles() (BigBang.cc:549)
==12396== 
==12396== 232 (120 direct, 112 indirect) bytes in 15 blocks are definitely lost in loss record 176 of 203
==12396==    at 0x482E89C: operator new(unsigned int) (in /usr/lib/valgrind/vgpreload_memcheck-x86-linux.so)
==12396==    by 0x17B54C: RosetteStringTable::intern(char const*) (StringStore.cc:276)
==12396==    by 0x17B5CF: intern(char const*) (StringStore.cc:290)
==12396==    by 0x16FE11: Reader::finalizeAtom() (Reader.cc:1831)
==12396==    by 0x16F7A5: Reader::resumeExpr() (Reader.cc:1619)
==12396==    by 0x16F4B8: Reader::readExpr() (Reader.cc:1495)
==12396==    by 0x125D81: LoadBootFiles() (BigBang.cc:548)
==12396==    by 0x12606F: BigBang(int, char**, char**) (BigBang.cc:639)
==12396==    by 0x17D53C: main (main.cc:56)
==12396== 
==12396== 256 bytes in 1 blocks are definitely lost in loss record 177 of 203
==12396==    at 0x48303FC: realloc (in /usr/lib/valgrind/vgpreload_memcheck-x86-linux.so)
==12396==    by 0x179B45: ResizeablePtrArray::resize(int) (ResizeAry.cc:51)
==12396==    by 0x179840: PtrCollection::resize(int) (PtrCollect.cc:58)
==12396==    by 0x179801: PtrCollection::resize() (PtrCollect.cc:50)
==12396==    by 0x1799FE: PtrCollection::add(void*) (PtrCollect.h:82)
==12396==    by 0x179713: ObStk::push(Ob*) (ObStk.h:68)
==12396==    by 0x16FACF: Reader::opush(Ob*) (Reader.cc:1721)
==12396==    by 0x16DAE6: ListFrame_Reader::receiveOb(Ob*, Reader*) (Reader.cc:856)
==12396==    by 0x16F7CE: Reader::resumeExpr() (Reader.cc:1626)
==12396==    by 0x16F4B8: Reader::readExpr() (Reader.cc:1495)
==12396==    by 0x125D81: LoadBootFiles() (BigBang.cc:548)
==12396==    by 0x12606F: BigBang(int, char**, char**) (BigBang.cc:639)
==12396== 
==12396== 256 bytes in 1 blocks are definitely lost in loss record 178 of 203
==12396==    at 0x48303FC: realloc (in /usr/lib/valgrind/vgpreload_memcheck-x86-linux.so)
==12396==    by 0x179B45: ResizeablePtrArray::resize(int) (ResizeAry.cc:51)
==12396==    by 0x179840: PtrCollection::resize(int) (PtrCollect.cc:58)
==12396==    by 0x179801: PtrCollection::resize() (PtrCollect.cc:50)
==12396==    by 0x1799FE: PtrCollection::add(void*) (PtrCollect.h:82)
==12396==    by 0x179713: ObStk::push(Ob*) (ObStk.h:68)
==12396==    by 0x16FACF: Reader::opush(Ob*) (Reader.cc:1721)
==12396==    by 0x16DAE6: ListFrame_Reader::receiveOb(Ob*, Reader*) (Reader.cc:856)
==12396==    by 0x16FBB0: Reader::receiveOb(Ob*) (Reader.cc:1751)
==12396==    by 0x16D953: QuoteFrame_Reader::receiveOb(Ob*, Reader*) (Reader.cc:771)
==12396==    by 0x16F7CE: Reader::resumeExpr() (Reader.cc:1626)
==12396==    by 0x16F4B8: Reader::readExpr() (Reader.cc:1495)
==12396== 
==12396== 256 bytes in 1 blocks are definitely lost in loss record 179 of 203
==12396==    at 0x482EF8C: operator new[](unsigned int) (in /usr/lib/valgrind/vgpreload_memcheck-x86-linux.so)
==12396==    by 0x16FD09: Reader::growBuffer() (Reader.cc:1797)
==12396==    by 0x170271: Reader::buffer(int) (Reader.cc:213)
==12396==    by 0x1702DE: Reader::accept(int, int) (Reader.cc:227)
==12396==    by 0x16D56C: StringFrame_Reader::process(int, Reader*) (Reader.cc:639)
==12396==    by 0x16F75A: Reader::resumeExpr() (Reader.cc:1598)
==12396==    by 0x16F4B8: Reader::readExpr() (Reader.cc:1495)
==12396==    by 0x16BB17: _f_istreamRead(Ob*, Ctxt*) (RBLstream.cc:170)
==12396==    by 0x165E6D: Prim::dispatchHelper(Ctxt*) (Prim.cc:104)
==12396==    by 0x176B9F: VirtualMachine::execute() (Vm.cc:969)
==12396==    by 0x1762FC: VirtualMachine::load(Ob*) (Vm.cc:733)
==12396==    by 0x125DAD: LoadBootFiles() (BigBang.cc:549)
==12396== 
==12396== 256 bytes in 1 blocks are definitely lost in loss record 180 of 203
==12396==    at 0x482EF8C: operator new[](unsigned int) (in /usr/lib/valgrind/vgpreload_memcheck-x86-linux.so)
==12396==    by 0x16CD46: FrameStk::alloc(int) (Reader.cc:271)
==12396==    by 0x170177: Reader::falloc(int) (Reader.cc:155)
==12396==    by 0x16F479: Reader::readExpr() (Reader.cc:1492)
==12396==    by 0x16BB17: _f_istreamRead(Ob*, Ctxt*) (RBLstream.cc:170)
==12396==    by 0x165E6D: Prim::dispatchHelper(Ctxt*) (Prim.cc:104)
==12396==    by 0x176D18: VirtualMachine::execute() (Vm.cc:1001)
==12396==    by 0x17D56D: main (main.cc:58)
==12396== 
==12396== 256 bytes in 2 blocks are definitely lost in loss record 181 of 203
==12396==    at 0x482EF8C: operator new[](unsigned int) (in /usr/lib/valgrind/vgpreload_memcheck-x86-linux.so)
==12396==    by 0x179BB2: ResizeablePtrArray::ResizeablePtrArray(int) (ResizeAry.h:62)
==12396==    by 0x17978C: PtrCollection::PtrCollection() (PtrCollect.cc:34)
==12396==    by 0x1796BC: ObStk::ObStk() (ObStk.h:60)
==12396==    by 0x162419: Parser::Parser(ParseTable*) (Parser.cc:1458)
==12396==    by 0x1625AD: Parser::create() (Parser.cc:1475)
==12396==    by 0x163181: _f_makeParser(Ob*, Ctxt*) (Parser.cc:1857)
==12396==    by 0x165E6D: Prim::dispatchHelper(Ctxt*) (Prim.cc:104)
==12396==    by 0x176D18: VirtualMachine::execute() (Vm.cc:1001)
==12396==    by 0x1762FC: VirtualMachine::load(Ob*) (Vm.cc:733)
==12396==    by 0x125DAD: LoadBootFiles() (BigBang.cc:549)
==12396==    by 0x12606F: BigBang(int, char**, char**) (BigBang.cc:639)
==12396== 
==12396== 264 (136 direct, 128 indirect) bytes in 17 blocks are definitely lost in loss record 182 of 203
==12396==    at 0x482E89C: operator new(unsigned int) (in /usr/lib/valgrind/vgpreload_memcheck-x86-linux.so)
==12396==    by 0x17B54C: RosetteStringTable::intern(char const*) (StringStore.cc:276)
==12396==    by 0x17B5CF: intern(char const*) (StringStore.cc:290)
==12396==    by 0x165C2D: Prim::Prim(char*, Ob* (*)(Ob*, Ctxt*), int, int) (Prim.cc:45)
==12396==    by 0x165D13: Prim::create(char*, Ob* (*)(Ob*, Ctxt*), int, int) (Prim.cc:58)
==12396==    by 0x166114: BuiltinPrim::init() const (Prim.cc:154)
==12396==    by 0x1661A9: BuiltinPrim::initBuiltinPrims() (Prim.cc:165)
==12396==    by 0x125688: InitBuiltinObs() (BigBang.cc:424)
==12396==    by 0x125FDA: BigBang(int, char**, char**) (BigBang.cc:633)
==12396==    by 0x17D53C: main (main.cc:56)
==12396== 
==12396== 384 (112 direct, 272 indirect) bytes in 14 blocks are definitely lost in loss record 184 of 203
==12396==    at 0x482E89C: operator new(unsigned int) (in /usr/lib/valgrind/vgpreload_memcheck-x86-linux.so)
==12396==    by 0x17B54C: RosetteStringTable::intern(char const*) (StringStore.cc:276)
==12396==    by 0x17B5CF: intern(char const*) (StringStore.cc:290)
==12396==    by 0x16FEAE: Reader::finalizeAtom() (Reader.cc:1841)
==12396==    by 0x16F7A5: Reader::resumeExpr() (Reader.cc:1619)
==12396==    by 0x16F4B8: Reader::readExpr() (Reader.cc:1495)
==12396==    by 0x16BB17: _f_istreamRead(Ob*, Ctxt*) (RBLstream.cc:170)
==12396==    by 0x165E6D: Prim::dispatchHelper(Ctxt*) (Prim.cc:104)
==12396==    by 0x176B9F: VirtualMachine::execute() (Vm.cc:969)
==12396==    by 0x1762FC: VirtualMachine::load(Ob*) (Vm.cc:733)
==12396==    by 0x125DAD: LoadBootFiles() (BigBang.cc:549)
==12396==    by 0x12606F: BigBang(int, char**, char**) (BigBang.cc:639)
==12396== 
==12396== 488 (120 direct, 368 indirect) bytes in 15 blocks are definitely lost in loss record 188 of 203
==12396==    at 0x482E89C: operator new(unsigned int) (in /usr/lib/valgrind/vgpreload_memcheck-x86-linux.so)
==12396==    by 0x17B54C: RosetteStringTable::intern(char const*) (StringStore.cc:276)
==12396==    by 0x17B5CF: intern(char const*) (StringStore.cc:290)
==12396==    by 0x16FE11: Reader::finalizeAtom() (Reader.cc:1831)
==12396==    by 0x16F7A5: Reader::resumeExpr() (Reader.cc:1619)
==12396==    by 0x16F4B8: Reader::readExpr() (Reader.cc:1495)
==12396==    by 0x16BB17: _f_istreamRead(Ob*, Ctxt*) (RBLstream.cc:170)
==12396==    by 0x165E6D: Prim::dispatchHelper(Ctxt*) (Prim.cc:104)
==12396==    by 0x176D18: VirtualMachine::execute() (Vm.cc:1001)
==12396==    by 0x1762FC: VirtualMachine::load(Ob*) (Vm.cc:733)
==12396==    by 0x125DAD: LoadBootFiles() (BigBang.cc:549)
==12396==    by 0x12606F: BigBang(int, char**, char**) (BigBang.cc:639)
==12396== 
==12396== 512 bytes in 1 blocks are definitely lost in loss record 189 of 203
==12396==    at 0x482EF8C: operator new[](unsigned int) (in /usr/lib/valgrind/vgpreload_memcheck-x86-linux.so)
==12396==    by 0x16CD46: FrameStk::alloc(int) (Reader.cc:271)
==12396==    by 0x170177: Reader::falloc(int) (Reader.cc:155)
==12396==    by 0x16DF69: ListReadMacro::start(int, Reader*) (Reader.cc:1091)
==12396==    by 0x16F702: Reader::resumeExpr() (Reader.cc:1591)
==12396==    by 0x16F4B8: Reader::readExpr() (Reader.cc:1495)
==12396==    by 0x125D81: LoadBootFiles() (BigBang.cc:548)
==12396==    by 0x12606F: BigBang(int, char**, char**) (BigBang.cc:639)
==12396==    by 0x17D53C: main (main.cc:56)
==12396== 
==12396== 768 bytes in 2 blocks are definitely lost in loss record 190 of 203
==12396==    at 0x48303FC: realloc (in /usr/lib/valgrind/vgpreload_memcheck-x86-linux.so)
==12396==    by 0x179B45: ResizeablePtrArray::resize(int) (ResizeAry.cc:51)
==12396==    by 0x179840: PtrCollection::resize(int) (PtrCollect.cc:58)
==12396==    by 0x179801: PtrCollection::resize() (PtrCollect.cc:50)
==12396==    by 0x1799FE: PtrCollection::add(void*) (PtrCollect.h:82)
==12396==    by 0x179713: ObStk::push(Ob*) (ObStk.h:68)
==12396==    by 0x16FACF: Reader::opush(Ob*) (Reader.cc:1721)
==12396==    by 0x16DAE6: ListFrame_Reader::receiveOb(Ob*, Reader*) (Reader.cc:856)
==12396==    by 0x16F7CE: Reader::resumeExpr() (Reader.cc:1626)
==12396==    by 0x16F4B8: Reader::readExpr() (Reader.cc:1495)
==12396==    by 0x16BB17: _f_istreamRead(Ob*, Ctxt*) (RBLstream.cc:170)
==12396==    by 0x165E6D: Prim::dispatchHelper(Ctxt*) (Prim.cc:104)
==12396== 
==12396== 1,024 bytes in 2 blocks are definitely lost in loss record 193 of 203
==12396==    at 0x482EF8C: operator new[](unsigned int) (in /usr/lib/valgrind/vgpreload_memcheck-x86-linux.so)
==12396==    by 0x16CD46: FrameStk::alloc(int) (Reader.cc:271)
==12396==    by 0x170177: Reader::falloc(int) (Reader.cc:155)
==12396==    by 0x16DF69: ListReadMacro::start(int, Reader*) (Reader.cc:1091)
==12396==    by 0x16F702: Reader::resumeExpr() (Reader.cc:1591)
==12396==    by 0x16F4B8: Reader::readExpr() (Reader.cc:1495)
==12396==    by 0x16BB17: _f_istreamRead(Ob*, Ctxt*) (RBLstream.cc:170)
==12396==    by 0x165E6D: Prim::dispatchHelper(Ctxt*) (Prim.cc:104)
==12396==    by 0x176D18: VirtualMachine::execute() (Vm.cc:1001)
==12396==    by 0x1762FC: VirtualMachine::load(Ob*) (Vm.cc:733)
==12396==    by 0x125DAD: LoadBootFiles() (BigBang.cc:549)
==12396==    by 0x12606F: BigBang(int, char**, char**) (BigBang.cc:639)
==12396== 
==12396== 1,184 (328 direct, 856 indirect) bytes in 41 blocks are definitely lost in loss record 194 of 203
==12396==    at 0x482E89C: operator new(unsigned int) (in /usr/lib/valgrind/vgpreload_memcheck-x86-linux.so)
==12396==    by 0x17B54C: RosetteStringTable::intern(char const*) (StringStore.cc:276)
==12396==    by 0x17B5CF: intern(char const*) (StringStore.cc:290)
==12396==    by 0x15E1D6: _f_objectToSymbol(Ob*, Ctxt*) (Ob.cc:1359)
==12396==    by 0x165E6D: Prim::dispatchHelper(Ctxt*) (Prim.cc:104)
==12396==    by 0x165F3C: Prim::dispatch(Ctxt*) (Prim.cc:115)
==12396==    by 0x166015: Prim::invoke(Ctxt*) (Prim.cc:140)
==12396==    by 0x15BF23: Ob::lookupAndInvoke(Ctxt*) (Ob.cc:784)
==12396==    by 0x15FA82: StdOprn::dispatch(Ctxt*) (Operation.cc:80)
==12396==    by 0x1767FA: VirtualMachine::execute() (Vm.cc:874)
==12396==    by 0x1762FC: VirtualMachine::load(Ob*) (Vm.cc:733)
==12396==    by 0x125DAD: LoadBootFiles() (BigBang.cc:549)
==12396== 
==12396== 2,432 bytes in 19 blocks are definitely lost in loss record 196 of 203
==12396==    at 0x482EF8C: operator new[](unsigned int) (in /usr/lib/valgrind/vgpreload_memcheck-x86-linux.so)
==12396==    by 0x179BB2: ResizeablePtrArray::ResizeablePtrArray(int) (ResizeAry.h:62)
==12396==    by 0x17978C: PtrCollection::PtrCollection() (PtrCollect.cc:34)
==12396==    by 0x1796BC: ObStk::ObStk() (ObStk.h:60)
==12396==    by 0x16F1A9: Reader::Reader(ReadTable*, _IO_FILE*) (Reader.cc:1450)
==12396==    by 0x16F398: Reader::create(_IO_FILE*) (Reader.cc:1468)
==12396==    by 0x16BA3F: _f_makeIstream(Ob*, Ctxt*) (RBLstream.cc:159)
==12396==    by 0x165E6D: Prim::dispatchHelper(Ctxt*) (Prim.cc:104)
==12396==    by 0x176D18: VirtualMachine::execute() (Vm.cc:1001)
==12396==    by 0x1762FC: VirtualMachine::load(Ob*) (Vm.cc:733)
==12396==    by 0x125DAD: LoadBootFiles() (BigBang.cc:549)
==12396==    by 0x12606F: BigBang(int, char**, char**) (BigBang.cc:639)
==12396== 
==12396== 2,688 bytes in 21 blocks are definitely lost in loss record 197 of 203
==12396==    at 0x482EF8C: operator new[](unsigned int) (in /usr/lib/valgrind/vgpreload_memcheck-x86-linux.so)
==12396==    by 0x16FD09: Reader::growBuffer() (Reader.cc:1797)
==12396==    by 0x170271: Reader::buffer(int) (Reader.cc:213)
==12396==    by 0x1702DE: Reader::accept(int, int) (Reader.cc:227)
==12396==    by 0x16DDD0: AtomReadMacro::start(int, Reader*) (Reader.cc:973)
==12396==    by 0x16F702: Reader::resumeExpr() (Reader.cc:1591)
==12396==    by 0x16F4B8: Reader::readExpr() (Reader.cc:1495)
==12396==    by 0x16BB17: _f_istreamRead(Ob*, Ctxt*) (RBLstream.cc:170)
==12396==    by 0x165E6D: Prim::dispatchHelper(Ctxt*) (Prim.cc:104)
==12396==    by 0x176D18: VirtualMachine::execute() (Vm.cc:1001)
==12396==    by 0x1762FC: VirtualMachine::load(Ob*) (Vm.cc:733)
==12396==    by 0x125DAD: LoadBootFiles() (BigBang.cc:549)
==12396== 
==12396== 2,816 bytes in 11 blocks are definitely lost in loss record 198 of 203
==12396==    at 0x482EF8C: operator new[](unsigned int) (in /usr/lib/valgrind/vgpreload_memcheck-x86-linux.so)
==12396==    by 0x16CD46: FrameStk::alloc(int) (Reader.cc:271)
==12396==    by 0x170177: Reader::falloc(int) (Reader.cc:155)
==12396==    by 0x16F479: Reader::readExpr() (Reader.cc:1492)
==12396==    by 0x16BB17: _f_istreamRead(Ob*, Ctxt*) (RBLstream.cc:170)
==12396==    by 0x165E6D: Prim::dispatchHelper(Ctxt*) (Prim.cc:104)
==12396==    by 0x176D18: VirtualMachine::execute() (Vm.cc:1001)
==12396==    by 0x1762FC: VirtualMachine::load(Ob*) (Vm.cc:733)
==12396==    by 0x125DAD: LoadBootFiles() (BigBang.cc:549)
==12396==    by 0x12606F: BigBang(int, char**, char**) (BigBang.cc:639)
==12396==    by 0x17D53C: main (main.cc:56)
==12396== 
==12396== 4,608 bytes in 9 blocks are definitely lost in loss record 200 of 203
==12396==    at 0x482EF8C: operator new[](unsigned int) (in /usr/lib/valgrind/vgpreload_memcheck-x86-linux.so)
==12396==    by 0x16CD46: FrameStk::alloc(int) (Reader.cc:271)
==12396==    by 0x170177: Reader::falloc(int) (Reader.cc:155)
==12396==    by 0x16DF69: ListReadMacro::start(int, Reader*) (Reader.cc:1091)
==12396==    by 0x16F702: Reader::resumeExpr() (Reader.cc:1591)
==12396==    by 0x16F4B8: Reader::readExpr() (Reader.cc:1495)
==12396==    by 0x16BB17: _f_istreamRead(Ob*, Ctxt*) (RBLstream.cc:170)
==12396==    by 0x165E6D: Prim::dispatchHelper(Ctxt*) (Prim.cc:104)
==12396==    by 0x176B9F: VirtualMachine::execute() (Vm.cc:969)
==12396==    by 0x1762FC: VirtualMachine::load(Ob*) (Vm.cc:733)
==12396==    by 0x125DAD: LoadBootFiles() (BigBang.cc:549)
==12396==    by 0x12606F: BigBang(int, char**, char**) (BigBang.cc:639)
==12396== 
==12396== 11,352 (2,936 direct, 8,416 indirect) bytes in 367 blocks are definitely lost in loss record 201 of 203
==12396==    at 0x482E89C: operator new(unsigned int) (in /usr/lib/valgrind/vgpreload_memcheck-x86-linux.so)
==12396==    by 0x17B54C: RosetteStringTable::intern(char const*) (StringStore.cc:276)
==12396==    by 0x17B5CF: intern(char const*) (StringStore.cc:290)
==12396==    by 0x16FE11: Reader::finalizeAtom() (Reader.cc:1831)
==12396==    by 0x16F7A5: Reader::resumeExpr() (Reader.cc:1619)
==12396==    by 0x16F4B8: Reader::readExpr() (Reader.cc:1495)
==12396==    by 0x16BB17: _f_istreamRead(Ob*, Ctxt*) (RBLstream.cc:170)
==12396==    by 0x165E6D: Prim::dispatchHelper(Ctxt*) (Prim.cc:104)
==12396==    by 0x176B9F: VirtualMachine::execute() (Vm.cc:969)
==12396==    by 0x1762FC: VirtualMachine::load(Ob*) (Vm.cc:733)
==12396==    by 0x125DAD: LoadBootFiles() (BigBang.cc:549)
==12396==    by 0x12606F: BigBang(int, char**, char**) (BigBang.cc:639)
==12396== 
==12396== 32,784 (16 direct, 32,768 indirect) bytes in 1 blocks are definitely lost in loss record 203 of 203
==12396==    at 0x482E89C: operator new(unsigned int) (in /usr/lib/valgrind/vgpreload_memcheck-x86-linux.so)
==12396==    by 0x149365: NewSpace::NewSpace(unsigned int, unsigned int) (Heap.cc:399)
==12396==    by 0x14A3C7: Heap::Heap(unsigned int, unsigned int, unsigned int) (Heap.cc:940)
==12396==    by 0x125FC5: BigBang(int, char**, char**) (BigBang.cc:631)
==12396==    by 0x17D53C: main (main.cc:56)
==12396== 
==12396== LEAK SUMMARY:
==12396==    definitely lost: 20,532 bytes in 574 blocks
==12396==    indirectly lost: 43,216 bytes in 1,307 blocks
==12396==      possibly lost: 0 bytes in 0 blocks
==12396==    still reachable: 1,222 bytes in 4 blocks
==12396==         suppressed: 0 bytes in 0 blocks
==12396== Reachable blocks (those to which a pointer was found) are not shown.
==12396== To see them, rerun with: --leak-check=full --show-leak-kinds=all
==12396== 
==12396== For counts of detected and suppressed errors, rerun with: -v
==12396== Use --track-origins=yes to see where uninitialised values come from
==12396== ERROR SUMMARY: 350 errors from 63 contexts (suppressed: 0 from 0)
