==12334== Memcheck, a memory error detector
==12334== Copyright (C) 2002-2015, and GNU GPL'd, by Julian Seward et al.
==12334== Using Valgrind-3.12.0.SVN and LibVEX; rerun with -h for copyright info
==12334== Command: bin/boot-ess -boot rbl/rosette/boot.rbl
==12334== Parent PID: 2588
==12334== 
==12334== Mismatched free() / delete / delete []
==12334==    at 0x48303FC: realloc (in /usr/lib/valgrind/vgpreload_memcheck-x86-linux.so)
==12334==    by 0x179B45: ResizeablePtrArray::resize(int) (ResizeAry.cc:51)
==12334==    by 0x179840: PtrCollection::resize(int) (PtrCollect.cc:58)
==12334==    by 0x179801: PtrCollection::resize() (PtrCollect.cc:50)
==12334==    by 0x1799FE: PtrCollection::add(void*) (PtrCollect.h:82)
==12334==    by 0x149261: RememberedSet::reallyRemember(Ob*) (Heap.cc:352)
==12334==    by 0x14BB38: RememberedSet::remember(Ob*) (Heap.cc:363)
==12334==    by 0x14BBD3: NewSpace::remember(Ob*) (Heap.cc:523)
==12334==    by 0x14A93A: Heap::remember(Ob*) (Heap.cc:1056)
==12334==    by 0x14A9E7: Heap::copyAndForward(Ob*) (Heap.cc:1077)
==12334==    by 0x14ACD5: Heap::tenure(Ob*) (Heap.cc:1194)
==12334==    by 0x124BA3: BuiltinClass::alloc() (BigBang.cc:203)
==12334==  Address 0x4c034b0 is 0 bytes inside a block of size 128 alloc'd
==12334==    at 0x482EF8C: operator new[](unsigned int) (in /usr/lib/valgrind/vgpreload_memcheck-x86-linux.so)
==12334==    by 0x179BB2: ResizeablePtrArray::ResizeablePtrArray(int) (ResizeAry.h:62)
==12334==    by 0x17978C: PtrCollection::PtrCollection() (PtrCollect.cc:34)
==12334==    by 0x1796BC: ObStk::ObStk() (ObStk.h:60)
==12334==    by 0x14BB80: RememberedSet::RememberedSet() (Heap.cc:322)
==12334==    by 0x149373: NewSpace::NewSpace(unsigned int, unsigned int) (Heap.cc:399)
==12334==    by 0x14A3C7: Heap::Heap(unsigned int, unsigned int, unsigned int) (Heap.cc:940)
==12334==    by 0x125FC5: BigBang(int, char**, char**) (BigBang.cc:631)
==12334==    by 0x17D53C: main (main.cc:56)
==12334== 
==12334== Mismatched free() / delete / delete []
==12334==    at 0x482F8F8: operator delete(void*) (in /usr/lib/valgrind/vgpreload_memcheck-x86-linux.so)
==12334==    by 0x16CD83: FrameStk::alloc(int) (Reader.cc:274)
==12334==    by 0x170177: Reader::falloc(int) (Reader.cc:155)
==12334==    by 0x16DF69: ListReadMacro::start(int, Reader*) (Reader.cc:1091)
==12334==    by 0x16F702: Reader::resumeExpr() (Reader.cc:1591)
==12334==    by 0x16F4B8: Reader::readExpr() (Reader.cc:1495)
==12334==    by 0x125D81: LoadBootFiles() (BigBang.cc:548)
==12334==    by 0x12606F: BigBang(int, char**, char**) (BigBang.cc:639)
==12334==    by 0x17D53C: main (main.cc:56)
==12334==  Address 0x4cdb7e0 is 0 bytes inside a block of size 256 alloc'd
==12334==    at 0x482EF8C: operator new[](unsigned int) (in /usr/lib/valgrind/vgpreload_memcheck-x86-linux.so)
==12334==    by 0x16CD46: FrameStk::alloc(int) (Reader.cc:271)
==12334==    by 0x170177: Reader::falloc(int) (Reader.cc:155)
==12334==    by 0x16F479: Reader::readExpr() (Reader.cc:1492)
==12334==    by 0x125D81: LoadBootFiles() (BigBang.cc:548)
==12334==    by 0x12606F: BigBang(int, char**, char**) (BigBang.cc:639)
==12334==    by 0x17D53C: main (main.cc:56)
==12334== 
==12334== Conditional jump or move depends on uninitialised value(s)
==12334==    at 0x17B848: Timer::inc(timeval&, long, long) (Timer.cc:95)
==12334==    by 0x17B7B2: Timer::updateTimer() (Timer.cc:80)
==12334==    by 0x17B9D6: Timer::setMode(TimerMode) (Timer.cc:147)
==12334==    by 0x174FB8: VirtualMachine::preScavenge() (Vm.cc:362)
==12334==    by 0x14A753: Heap::traverseRootSets(void (RootSet::*)()) (Heap.cc:972)
==12334==    by 0x14AA5A: Heap::scavenge() (Heap.cc:1099)
==12334==    by 0x14A8E2: Heap::scavengeAndAlloc(unsigned int) (Heap.cc:1038)
==12334==    by 0x14B11E: palloc(unsigned int) (Heap.cc:1332)
==12334==    by 0x128BCE: CodeVec::create(int) (Code.cc:281)
==12334==    by 0x128151: CodeBuf::growCodevec(int) (Code.cc:93)
==12334==    by 0x128079: CodeBuf::deposit(Instr) (Code.cc:78)
==12334==    by 0x1282C2: CodeBuf::emitF0(Opcode, unsigned int) (Code.cc:112)
==12334== 
==12334== Conditional jump or move depends on uninitialised value(s)
==12334==    at 0x17B873: Timer::inc(timeval&, long, long) (Timer.cc:99)
==12334==    by 0x17B7B2: Timer::updateTimer() (Timer.cc:80)
==12334==    by 0x17B9D6: Timer::setMode(TimerMode) (Timer.cc:147)
==12334==    by 0x174FB8: VirtualMachine::preScavenge() (Vm.cc:362)
==12334==    by 0x14A753: Heap::traverseRootSets(void (RootSet::*)()) (Heap.cc:972)
==12334==    by 0x14AA5A: Heap::scavenge() (Heap.cc:1099)
==12334==    by 0x14A8E2: Heap::scavengeAndAlloc(unsigned int) (Heap.cc:1038)
==12334==    by 0x14B11E: palloc(unsigned int) (Heap.cc:1332)
==12334==    by 0x128BCE: CodeVec::create(int) (Code.cc:281)
==12334==    by 0x128151: CodeBuf::growCodevec(int) (Code.cc:93)
==12334==    by 0x128079: CodeBuf::deposit(Instr) (Code.cc:78)
==12334==    by 0x1282C2: CodeBuf::emitF0(Opcode, unsigned int) (Code.cc:112)
==12334== 
==12334== Conditional jump or move depends on uninitialised value(s)
==12334==    at 0x17B848: Timer::inc(timeval&, long, long) (Timer.cc:95)
==12334==    by 0x17B7DE: Timer::updateTimer() (Timer.cc:84)
==12334==    by 0x17B9D6: Timer::setMode(TimerMode) (Timer.cc:147)
==12334==    by 0x174FB8: VirtualMachine::preScavenge() (Vm.cc:362)
==12334==    by 0x14A753: Heap::traverseRootSets(void (RootSet::*)()) (Heap.cc:972)
==12334==    by 0x14AA5A: Heap::scavenge() (Heap.cc:1099)
==12334==    by 0x14A8E2: Heap::scavengeAndAlloc(unsigned int) (Heap.cc:1038)
==12334==    by 0x14B11E: palloc(unsigned int) (Heap.cc:1332)
==12334==    by 0x128BCE: CodeVec::create(int) (Code.cc:281)
==12334==    by 0x128151: CodeBuf::growCodevec(int) (Code.cc:93)
==12334==    by 0x128079: CodeBuf::deposit(Instr) (Code.cc:78)
==12334==    by 0x1282C2: CodeBuf::emitF0(Opcode, unsigned int) (Code.cc:112)
==12334== 
==12334== Conditional jump or move depends on uninitialised value(s)
==12334==    at 0x17B848: Timer::inc(timeval&, long, long) (Timer.cc:95)
==12334==    by 0x17B7B2: Timer::updateTimer() (Timer.cc:80)
==12334==    by 0x17B9D6: Timer::setMode(TimerMode) (Timer.cc:147)
==12334==    by 0x175060: VirtualMachine::postScavenge() (Vm.cc:379)
==12334==    by 0x14A753: Heap::traverseRootSets(void (RootSet::*)()) (Heap.cc:972)
==12334==    by 0x14AB77: Heap::scavenge() (Heap.cc:1140)
==12334==    by 0x14A8E2: Heap::scavengeAndAlloc(unsigned int) (Heap.cc:1038)
==12334==    by 0x14B11E: palloc(unsigned int) (Heap.cc:1332)
==12334==    by 0x128BCE: CodeVec::create(int) (Code.cc:281)
==12334==    by 0x128151: CodeBuf::growCodevec(int) (Code.cc:93)
==12334==    by 0x128079: CodeBuf::deposit(Instr) (Code.cc:78)
==12334==    by 0x1282C2: CodeBuf::emitF0(Opcode, unsigned int) (Code.cc:112)
==12334== 
==12334== Conditional jump or move depends on uninitialised value(s)
==12334==    at 0x17B873: Timer::inc(timeval&, long, long) (Timer.cc:99)
==12334==    by 0x17B7B2: Timer::updateTimer() (Timer.cc:80)
==12334==    by 0x17B9D6: Timer::setMode(TimerMode) (Timer.cc:147)
==12334==    by 0x175060: VirtualMachine::postScavenge() (Vm.cc:379)
==12334==    by 0x14A753: Heap::traverseRootSets(void (RootSet::*)()) (Heap.cc:972)
==12334==    by 0x14AB77: Heap::scavenge() (Heap.cc:1140)
==12334==    by 0x14A8E2: Heap::scavengeAndAlloc(unsigned int) (Heap.cc:1038)
==12334==    by 0x14B11E: palloc(unsigned int) (Heap.cc:1332)
==12334==    by 0x128BCE: CodeVec::create(int) (Code.cc:281)
==12334==    by 0x128151: CodeBuf::growCodevec(int) (Code.cc:93)
==12334==    by 0x128079: CodeBuf::deposit(Instr) (Code.cc:78)
==12334==    by 0x1282C2: CodeBuf::emitF0(Opcode, unsigned int) (Code.cc:112)
==12334== 
==12334== Conditional jump or move depends on uninitialised value(s)
==12334==    at 0x17B848: Timer::inc(timeval&, long, long) (Timer.cc:95)
==12334==    by 0x17B7DE: Timer::updateTimer() (Timer.cc:84)
==12334==    by 0x17B9D6: Timer::setMode(TimerMode) (Timer.cc:147)
==12334==    by 0x175060: VirtualMachine::postScavenge() (Vm.cc:379)
==12334==    by 0x14A753: Heap::traverseRootSets(void (RootSet::*)()) (Heap.cc:972)
==12334==    by 0x14AB77: Heap::scavenge() (Heap.cc:1140)
==12334==    by 0x14A8E2: Heap::scavengeAndAlloc(unsigned int) (Heap.cc:1038)
==12334==    by 0x14B11E: palloc(unsigned int) (Heap.cc:1332)
==12334==    by 0x128BCE: CodeVec::create(int) (Code.cc:281)
==12334==    by 0x128151: CodeBuf::growCodevec(int) (Code.cc:93)
==12334==    by 0x128079: CodeBuf::deposit(Instr) (Code.cc:78)
==12334==    by 0x1282C2: CodeBuf::emitF0(Opcode, unsigned int) (Code.cc:112)
==12334== 
==12334== Conditional jump or move depends on uninitialised value(s)
==12334==    at 0x17B873: Timer::inc(timeval&, long, long) (Timer.cc:99)
==12334==    by 0x17B7DE: Timer::updateTimer() (Timer.cc:84)
==12334==    by 0x17B9D6: Timer::setMode(TimerMode) (Timer.cc:147)
==12334==    by 0x174FB8: VirtualMachine::preScavenge() (Vm.cc:362)
==12334==    by 0x14A753: Heap::traverseRootSets(void (RootSet::*)()) (Heap.cc:972)
==12334==    by 0x14AA5A: Heap::scavenge() (Heap.cc:1099)
==12334==    by 0x14A8E2: Heap::scavengeAndAlloc(unsigned int) (Heap.cc:1038)
==12334==    by 0x14B11E: palloc(unsigned int) (Heap.cc:1332)
==12334==    by 0x128BCE: CodeVec::create(int) (Code.cc:281)
==12334==    by 0x128A68: CodeBuf::finish() (Code.cc:255)
==12334==    by 0x129F0C: Code::create(CodeBuf*, Tuple*) (Code.cc:814)
==12334==    by 0x175464: VirtualMachine::handleApplyPrimUpcall(Instr, Location) (Vm.cc:506)
==12334== 
==12334== Conditional jump or move depends on uninitialised value(s)
==12334==    at 0x17B873: Timer::inc(timeval&, long, long) (Timer.cc:99)
==12334==    by 0x17B7DE: Timer::updateTimer() (Timer.cc:84)
==12334==    by 0x17B9D6: Timer::setMode(TimerMode) (Timer.cc:147)
==12334==    by 0x175060: VirtualMachine::postScavenge() (Vm.cc:379)
==12334==    by 0x14A753: Heap::traverseRootSets(void (RootSet::*)()) (Heap.cc:972)
==12334==    by 0x14AB77: Heap::scavenge() (Heap.cc:1140)
==12334==    by 0x14A8E2: Heap::scavengeAndAlloc(unsigned int) (Heap.cc:1038)
==12334==    by 0x14B11E: palloc(unsigned int) (Heap.cc:1332)
==12334==    by 0x128BCE: CodeVec::create(int) (Code.cc:281)
==12334==    by 0x128A68: CodeBuf::finish() (Code.cc:255)
==12334==    by 0x129F0C: Code::create(CodeBuf*, Tuple*) (Code.cc:814)
==12334==    by 0x175464: VirtualMachine::handleApplyPrimUpcall(Instr, Location) (Vm.cc:506)
==12334== 
==12334== Mismatched free() / delete / delete []
==12334==    at 0x482F8F8: operator delete(void*) (in /usr/lib/valgrind/vgpreload_memcheck-x86-linux.so)
==12334==    by 0x15E13A: _f_objectToSymbol(Ob*, Ctxt*) (Ob.cc:1351)
==12334==    by 0x165E6D: Prim::dispatchHelper(Ctxt*) (Prim.cc:104)
==12334==    by 0x165F3C: Prim::dispatch(Ctxt*) (Prim.cc:115)
==12334==    by 0x166015: Prim::invoke(Ctxt*) (Prim.cc:140)
==12334==    by 0x15BF23: Ob::lookupAndInvoke(Ctxt*) (Ob.cc:784)
==12334==    by 0x15FA82: StdOprn::dispatch(Ctxt*) (Operation.cc:80)
==12334==    by 0x1767FA: VirtualMachine::execute() (Vm.cc:874)
==12334==    by 0x1762FC: VirtualMachine::load(Ob*) (Vm.cc:733)
==12334==    by 0x125DAD: LoadBootFiles() (BigBang.cc:549)
==12334==    by 0x12606F: BigBang(int, char**, char**) (BigBang.cc:639)
==12334==    by 0x17D53C: main (main.cc:56)
==12334==  Address 0x4ce3b18 is 0 bytes inside a block of size 9 alloc'd
==12334==    at 0x482EF8C: operator new[](unsigned int) (in /usr/lib/valgrind/vgpreload_memcheck-x86-linux.so)
==12334==    by 0x15E155: _f_objectToSymbol(Ob*, Ctxt*) (Ob.cc:1353)
==12334==    by 0x165E6D: Prim::dispatchHelper(Ctxt*) (Prim.cc:104)
==12334==    by 0x176EE7: VirtualMachine::execute() (Vm.cc:1034)
==12334==    by 0x1762FC: VirtualMachine::load(Ob*) (Vm.cc:733)
==12334==    by 0x125DAD: LoadBootFiles() (BigBang.cc:549)
==12334==    by 0x12606F: BigBang(int, char**, char**) (BigBang.cc:639)
==12334==    by 0x17D53C: main (main.cc:56)
==12334== 
==12334== Mismatched free() / delete / delete []
==12334==    at 0x482F8F8: operator delete(void*) (in /usr/lib/valgrind/vgpreload_memcheck-x86-linux.so)
==12334==    by 0x16FD46: Reader::growBuffer() (Reader.cc:1800)
==12334==    by 0x170271: Reader::buffer(int) (Reader.cc:213)
==12334==    by 0x1702DE: Reader::accept(int, int) (Reader.cc:227)
==12334==    by 0x16D56C: StringFrame_Reader::process(int, Reader*) (Reader.cc:639)
==12334==    by 0x16F75A: Reader::resumeExpr() (Reader.cc:1598)
==12334==    by 0x16F4B8: Reader::readExpr() (Reader.cc:1495)
==12334==    by 0x16BB17: _f_istreamRead(Ob*, Ctxt*) (RBLstream.cc:170)
==12334==    by 0x165E6D: Prim::dispatchHelper(Ctxt*) (Prim.cc:104)
==12334==    by 0x176B9F: VirtualMachine::execute() (Vm.cc:969)
==12334==    by 0x1762FC: VirtualMachine::load(Ob*) (Vm.cc:733)
==12334==    by 0x125DAD: LoadBootFiles() (BigBang.cc:549)
==12334==  Address 0x4db69a0 is 0 bytes inside a block of size 128 alloc'd
==12334==    at 0x482EF8C: operator new[](unsigned int) (in /usr/lib/valgrind/vgpreload_memcheck-x86-linux.so)
==12334==    by 0x16FD09: Reader::growBuffer() (Reader.cc:1797)
==12334==    by 0x170271: Reader::buffer(int) (Reader.cc:213)
==12334==    by 0x1702DE: Reader::accept(int, int) (Reader.cc:227)
==12334==    by 0x16DDD0: AtomReadMacro::start(int, Reader*) (Reader.cc:973)
==12334==    by 0x16F702: Reader::resumeExpr() (Reader.cc:1591)
==12334==    by 0x16F4B8: Reader::readExpr() (Reader.cc:1495)
==12334==    by 0x16BB17: _f_istreamRead(Ob*, Ctxt*) (RBLstream.cc:170)
==12334==    by 0x165E6D: Prim::dispatchHelper(Ctxt*) (Prim.cc:104)
==12334==    by 0x176D18: VirtualMachine::execute() (Vm.cc:1001)
==12334==    by 0x1762FC: VirtualMachine::load(Ob*) (Vm.cc:733)
==12334==    by 0x125DAD: LoadBootFiles() (BigBang.cc:549)
==12334== 
==12334== Mismatched free() / delete / delete []
==12334==    at 0x482F8F8: operator delete(void*) (in /usr/lib/valgrind/vgpreload_memcheck-x86-linux.so)
==12334==    by 0x179AE2: ResizeablePtrArray::~ResizeablePtrArray() (ResizeAry.cc:37)
==12334==    by 0x14B958: PtrCollection::~PtrCollection() (PtrCollect.h:37)
==12334==    by 0x14BB5B: ObStk::~ObStk() (ObStk.h:38)
==12334==    by 0x174411: VirtualMachine::~VirtualMachine() (Vm.cc:118)
==12334==    by 0x174468: VirtualMachine::~VirtualMachine() (Vm.cc:120)
==12334==    by 0x12612A: BigCrunch() (BigBang.cc:654)
==12334==    by 0x17D68D: main (main.cc:87)
==12334==  Address 0x4cdade0 is 0 bytes inside a block of size 128 alloc'd
==12334==    at 0x482EF8C: operator new[](unsigned int) (in /usr/lib/valgrind/vgpreload_memcheck-x86-linux.so)
==12334==    by 0x179BB2: ResizeablePtrArray::ResizeablePtrArray(int) (ResizeAry.h:62)
==12334==    by 0x17978C: PtrCollection::PtrCollection() (PtrCollect.cc:34)
==12334==    by 0x1796BC: ObStk::ObStk() (ObStk.h:60)
==12334==    by 0x1742BF: VirtualMachine::VirtualMachine() (Vm.cc:90)
==12334==    by 0x125FF9: BigBang(int, char**, char**) (BigBang.cc:635)
==12334==    by 0x17D53C: main (main.cc:56)
==12334== 
==12334== Mismatched free() / delete / delete []
==12334==    at 0x482F8F8: operator delete(void*) (in /usr/lib/valgrind/vgpreload_memcheck-x86-linux.so)
==12334==    by 0x178E5E: ObQue::~ObQue() (ObQue.cc:50)
==12334==    by 0x174433: VirtualMachine::~VirtualMachine() (Vm.cc:119)
==12334==    by 0x174468: VirtualMachine::~VirtualMachine() (Vm.cc:120)
==12334==    by 0x12612A: BigCrunch() (BigBang.cc:654)
==12334==    by 0x17D68D: main (main.cc:87)
==12334==  Address 0x4cdaed8 is 0 bytes inside a block of size 128 alloc'd
==12334==    at 0x482EF8C: operator new[](unsigned int) (in /usr/lib/valgrind/vgpreload_memcheck-x86-linux.so)
==12334==    by 0x178DBD: ObQue::ObQue() (ObQue.cc:35)
==12334==    by 0x1742E4: VirtualMachine::VirtualMachine() (Vm.cc:91)
==12334==    by 0x125FF9: BigBang(int, char**, char**) (BigBang.cc:635)
==12334==    by 0x17D53C: main (main.cc:56)
==12334== 
==12334== Mismatched free() / delete / delete []
==12334==    at 0x482F8F8: operator delete(void*) (in /usr/lib/valgrind/vgpreload_memcheck-x86-linux.so)
==12334==    by 0x149424: NewSpace::~NewSpace() (Heap.cc:414)
==12334==    by 0x14A5B8: Heap::~Heap() (Heap.cc:958)
==12334==    by 0x126142: BigCrunch() (BigBang.cc:655)
==12334==    by 0x17D68D: main (main.cc:87)
==12334==  Address 0x4c04000 is 0 bytes inside a block of size 786,432 alloc'd
==12334==    at 0x4830544: memalign (in /usr/lib/valgrind/vgpreload_memcheck-x86-linux.so)
==12334==    by 0x4830612: valloc (in /usr/lib/valgrind/vgpreload_memcheck-x86-linux.so)
==12334==    by 0x1492B3: NewSpace::NewSpace(unsigned int, unsigned int) (Heap.cc:399)
==12334==    by 0x14A3C7: Heap::Heap(unsigned int, unsigned int, unsigned int) (Heap.cc:940)
==12334==    by 0x125FC5: BigBang(int, char**, char**) (BigBang.cc:631)
==12334==    by 0x17D53C: main (main.cc:56)
==12334== 
==12334== Mismatched free() / delete / delete []
==12334==    at 0x482F8F8: operator delete(void*) (in /usr/lib/valgrind/vgpreload_memcheck-x86-linux.so)
==12334==    by 0x14973A: OldSpaceChunk::~OldSpaceChunk() (Heap.cc:593)
==12334==    by 0x149B2A: OldSpace::~OldSpace() (Heap.cc:680)
==12334==    by 0x14A5E5: Heap::~Heap() (Heap.cc:959)
==12334==    by 0x126142: BigCrunch() (BigBang.cc:655)
==12334==    by 0x17D68D: main (main.cc:87)
==12334==  Address 0x4e03000 is 0 bytes inside a block of size 32,768 alloc'd
==12334==    at 0x4830544: memalign (in /usr/lib/valgrind/vgpreload_memcheck-x86-linux.so)
==12334==    by 0x4830612: valloc (in /usr/lib/valgrind/vgpreload_memcheck-x86-linux.so)
==12334==    by 0x1496E9: OldSpaceChunk::OldSpaceChunk(unsigned int, OldSpaceChunk*, OldSpace*) (Heap.cc:587)
==12334==    by 0x149929: OldSpace::addChunk(int) (Heap.cc:639)
==12334==    by 0x149D2C: OldSpace::alloc(unsigned int) (Heap.cc:744)
==12334==    by 0x14A9C2: Heap::copyAndForward(Ob*) (Heap.cc:1075)
==12334==    by 0x14B0D3: Ob::relocate() (Heap.cc:1323)
==12334==    by 0x15F5EA: inlineUseIfPtr(void*, Ob* (Ob::*)()) (Ob.cc:311)
==12334==    by 0x15AA22: Ob::traversePtrs(Ob* (Ob::*)()) (Ob.cc:368)
==12334==    by 0x1494D8: NewSpace::scavenge() (Heap.cc:448)
==12334==    by 0x14AA92: Heap::scavenge() (Heap.cc:1117)
==12334==    by 0x14AD5D: Heap::tenureEverything() (Heap.cc:1210)
==12334== 
==12334== Mismatched free() / delete / delete []
==12334==    at 0x482F8F8: operator delete(void*) (in /usr/lib/valgrind/vgpreload_memcheck-x86-linux.so)
==12334==    by 0x149B56: OldSpace::~OldSpace() (Heap.cc:683)
==12334==    by 0x14A5E5: Heap::~Heap() (Heap.cc:959)
==12334==    by 0x126142: BigCrunch() (BigBang.cc:655)
==12334==    by 0x17D68D: main (main.cc:87)
==12334==  Address 0x4c035f0 is 0 bytes inside a block of size 276 alloc'd
==12334==    at 0x482EF8C: operator new[](unsigned int) (in /usr/lib/valgrind/vgpreload_memcheck-x86-linux.so)
==12334==    by 0x149A84: OldSpace::OldSpace(unsigned int) (Heap.cc:668)
==12334==    by 0x14A3EC: Heap::Heap(unsigned int, unsigned int, unsigned int) (Heap.cc:941)
==12334==    by 0x125FC5: BigBang(int, char**, char**) (BigBang.cc:631)
==12334==    by 0x17D53C: main (main.cc:56)
==12334== 
==12334== Mismatched free() / delete / delete []
==12334==    at 0x482F8F8: operator delete(void*) (in /usr/lib/valgrind/vgpreload_memcheck-x86-linux.so)
==12334==    by 0x179AE2: ResizeablePtrArray::~ResizeablePtrArray() (ResizeAry.cc:37)
==12334==    by 0x14B958: PtrCollection::~PtrCollection() (PtrCollect.h:37)
==12334==    by 0x14A66F: Heap::~Heap() (Heap.cc:962)
==12334==    by 0x126142: BigCrunch() (BigBang.cc:655)
==12334==    by 0x17D68D: main (main.cc:87)
==12334==  Address 0x4c03a48 is 0 bytes inside a block of size 128 alloc'd
==12334==    at 0x482EF8C: operator new[](unsigned int) (in /usr/lib/valgrind/vgpreload_memcheck-x86-linux.so)
==12334==    by 0x179BB2: ResizeablePtrArray::ResizeablePtrArray(int) (ResizeAry.h:62)
==12334==    by 0x17978C: PtrCollection::PtrCollection() (PtrCollect.cc:34)
==12334==    by 0x14A47C: Heap::Heap(unsigned int, unsigned int, unsigned int) (Heap.cc:944)
==12334==    by 0x125FC5: BigBang(int, char**, char**) (BigBang.cc:631)
==12334==    by 0x17D53C: main (main.cc:56)
==12334== 
==12334== Mismatched free() / delete / delete []
==12334==    at 0x482F8F8: operator delete(void*) (in /usr/lib/valgrind/vgpreload_memcheck-x86-linux.so)
==12334==    by 0x17B41A: RosetteStringTable::~RosetteStringTable() (StringStore.cc:258)
==12334==    by 0x4A6CAAA: __run_exit_handlers (exit.c:83)
==12334==    by 0x4A6CB10: exit (exit.c:105)
==12334==    by 0x17D697: main (main.cc:89)
==12334==  Address 0x4c02ac8 is 0 bytes inside a block of size 2,052 alloc'd
==12334==    at 0x482EF8C: operator new[](unsigned int) (in /usr/lib/valgrind/vgpreload_memcheck-x86-linux.so)
==12334==    by 0x17B395: RosetteStringTable::RosetteStringTable(unsigned long) (StringStore.cc:247)
==12334==    by 0x17B609: __static_initialization_and_destruction_0(int, int) (StringStore.cc:284)
==12334==    by 0x17B651: _GLOBAL__sub_I__ZN6BucketC2EPKcPS_ (StringStore.cc:291)
==12334==    by 0x18342A: __libc_csu_init (in /home/stevop/Rosette/bin/boot-ess)
==12334==    by 0x4A56205: (below main) (libc-start.c:247)
==12334== 
==12334== Mismatched free() / delete / delete []
==12334==    at 0x482F8F8: operator delete(void*) (in /usr/lib/valgrind/vgpreload_memcheck-x86-linux.so)
==12334==    by 0x17B242: StringChunk::~StringChunk() (StringStore.cc:168)
==12334==    by 0x17B42F: RosetteStringTable::~RosetteStringTable() (StringStore.cc:259)
==12334==    by 0x4A6CAAA: __run_exit_handlers (exit.c:83)
==12334==    by 0x4A6CB10: exit (exit.c:105)
==12334==    by 0x17D697: main (main.cc:89)
==12334==  Address 0x4d7d798 is 0 bytes inside a block of size 8,192 alloc'd
==12334==    at 0x482EF8C: operator new[](unsigned int) (in /usr/lib/valgrind/vgpreload_memcheck-x86-linux.so)
==12334==    by 0x17B1D2: StringChunk::StringChunk(StringChunk*, unsigned long) (StringStore.cc:156)
==12334==    by 0x17B521: RosetteStringTable::intern(char const*) (StringStore.cc:274)
==12334==    by 0x17B5CF: intern(char const*) (StringStore.cc:290)
==12334==    by 0x16FE11: Reader::finalizeAtom() (Reader.cc:1831)
==12334==    by 0x16F7A5: Reader::resumeExpr() (Reader.cc:1619)
==12334==    by 0x16F4B8: Reader::readExpr() (Reader.cc:1495)
==12334==    by 0x16BB17: _f_istreamRead(Ob*, Ctxt*) (RBLstream.cc:170)
==12334==    by 0x165E6D: Prim::dispatchHelper(Ctxt*) (Prim.cc:104)
==12334==    by 0x176B9F: VirtualMachine::execute() (Vm.cc:969)
==12334==    by 0x1762FC: VirtualMachine::load(Ob*) (Vm.cc:733)
==12334==    by 0x125DAD: LoadBootFiles() (BigBang.cc:549)
==12334== 
==12334== Mismatched free() / delete / delete []
==12334==    at 0x482F8F8: operator delete(void*) (in /usr/lib/valgrind/vgpreload_memcheck-x86-linux.so)
==12334==    by 0x17B242: StringChunk::~StringChunk() (StringStore.cc:168)
==12334==    by 0x17B260: StringChunk::~StringChunk() (StringStore.cc:170)
==12334==    by 0x17B42F: RosetteStringTable::~RosetteStringTable() (StringStore.cc:259)
==12334==    by 0x4A6CAAA: __run_exit_handlers (exit.c:83)
==12334==    by 0x4A6CB10: exit (exit.c:105)
==12334==    by 0x17D697: main (main.cc:89)
==12334==  Address 0x4cde928 is 0 bytes inside a block of size 8,192 alloc'd
==12334==    at 0x482EF8C: operator new[](unsigned int) (in /usr/lib/valgrind/vgpreload_memcheck-x86-linux.so)
==12334==    by 0x17B1D2: StringChunk::StringChunk(StringChunk*, unsigned long) (StringStore.cc:156)
==12334==    by 0x17B521: RosetteStringTable::intern(char const*) (StringStore.cc:274)
==12334==    by 0x17B5CF: intern(char const*) (StringStore.cc:290)
==12334==    by 0x16FE11: Reader::finalizeAtom() (Reader.cc:1831)
==12334==    by 0x16F7A5: Reader::resumeExpr() (Reader.cc:1619)
==12334==    by 0x16F4B8: Reader::readExpr() (Reader.cc:1495)
==12334==    by 0x125D81: LoadBootFiles() (BigBang.cc:548)
==12334==    by 0x12606F: BigBang(int, char**, char**) (BigBang.cc:639)
==12334==    by 0x17D53C: main (main.cc:56)
==12334== 
==12334== Mismatched free() / delete / delete []
==12334==    at 0x482F8F8: operator delete(void*) (in /usr/lib/valgrind/vgpreload_memcheck-x86-linux.so)
==12334==    by 0x17B242: StringChunk::~StringChunk() (StringStore.cc:168)
==12334==    by 0x17B260: StringChunk::~StringChunk() (StringStore.cc:170)
==12334==    by 0x17B260: StringChunk::~StringChunk() (StringStore.cc:170)
==12334==    by 0x17B42F: RosetteStringTable::~RosetteStringTable() (StringStore.cc:259)
==12334==    by 0x4A6CAAA: __run_exit_handlers (exit.c:83)
==12334==    by 0x4A6CB10: exit (exit.c:105)
==12334==    by 0x17D697: main (main.cc:89)
==12334==  Address 0x4c00a98 is 0 bytes inside a block of size 8,192 alloc'd
==12334==    at 0x482EF8C: operator new[](unsigned int) (in /usr/lib/valgrind/vgpreload_memcheck-x86-linux.so)
==12334==    by 0x17B1D2: StringChunk::StringChunk(StringChunk*, unsigned long) (StringStore.cc:156)
==12334==    by 0x17B36E: RosetteStringTable::RosetteStringTable(unsigned long) (StringStore.cc:246)
==12334==    by 0x17B609: __static_initialization_and_destruction_0(int, int) (StringStore.cc:284)
==12334==    by 0x17B651: _GLOBAL__sub_I__ZN6BucketC2EPKcPS_ (StringStore.cc:291)
==12334==    by 0x18342A: __libc_csu_init (in /home/stevop/Rosette/bin/boot-ess)
==12334==    by 0x4A56205: (below main) (libc-start.c:247)
==12334== 
==12334== 
==12334== HEAP SUMMARY:
==12334==     in use at exit: 64,962 bytes in 1,884 blocks
==12334==   total heap usage: 2,050 allocs, 166 frees, 2,038,986 bytes allocated
==12334== 
==12334== LEAK SUMMARY:
==12334==    definitely lost: 20,532 bytes in 574 blocks
==12334==    indirectly lost: 43,208 bytes in 1,306 blocks
==12334==      possibly lost: 0 bytes in 0 blocks
==12334==    still reachable: 1,222 bytes in 4 blocks
==12334==         suppressed: 0 bytes in 0 blocks
==12334== Rerun with --leak-check=full to see details of leaked memory
==12334== 
==12334== For counts of detected and suppressed errors, rerun with: -v
==12334== Use --track-origins=yes to see where uninitialised values come from
==12334== ERROR SUMMARY: 306 errors from 22 contexts (suppressed: 0 from 0)
