==3982== Memcheck, a memory error detector
==3982== Copyright (C) 2002-2015, and GNU GPL'd, by Julian Seward et al.
==3982== Using Valgrind-3.12.0.SVN and LibVEX; rerun with -h for copyright info
==3982== Command: bin/boot-ess -boot rbl/rosette/boot.rbl
==3982== Parent PID: 3135
==3982== 
==3982== Mismatched free() / delete / delete []
==3982==    at 0x48303FC: realloc (in /usr/lib/valgrind/vgpreload_memcheck-x86-linux.so)
==3982==    by 0x17A62B: ResizeablePtrArray::resize(int) (ResizeAry.cc:51)
==3982==    by 0x17A322: PtrCollection::resize(int) (PtrCollect.cc:58)
==3982==    by 0x17A2E3: PtrCollection::resize() (PtrCollect.cc:50)
==3982==    by 0x17A4E0: PtrCollection::add(void*) (PtrCollect.h:82)
==3982==    by 0x1493F8: RememberedSet::reallyRemember(Ob*) (Heap.cc:352)
==3982==    by 0x14BD5F: RememberedSet::remember(Ob*) (Heap.cc:363)
==3982==    by 0x14BDF9: NewSpace::remember(Ob*) (Heap.cc:523)
==3982==    by 0x14AB60: Heap::remember(Ob*) (Heap.cc:1056)
==3982==    by 0x14AC0B: Heap::copyAndForward(Ob*) (Heap.cc:1077)
==3982==    by 0x14AEFB: Heap::tenure(Ob*) (Heap.cc:1194)
==3982==    by 0x124C6F: BuiltinClass::alloc() (BigBang.cc:203)
==3982==  Address 0x4c034b0 is 0 bytes inside a block of size 128 alloc'd
==3982==    at 0x482EF8C: operator new[](unsigned int) (in /usr/lib/valgrind/vgpreload_memcheck-x86-linux.so)
==3982==    by 0x17A69A: ResizeablePtrArray::ResizeablePtrArray(int) (ResizeAry.h:62)
==3982==    by 0x17A26E: PtrCollection::PtrCollection() (PtrCollect.cc:34)
==3982==    by 0x17A19E: ObStk::ObStk() (ObStk.h:60)
==3982==    by 0x14BDA6: RememberedSet::RememberedSet() (Heap.cc:322)
==3982==    by 0x149507: NewSpace::NewSpace(unsigned int, unsigned int) (Heap.cc:399)
==3982==    by 0x14A5D5: Heap::Heap(unsigned int, unsigned int, unsigned int) (Heap.cc:940)
==3982==    by 0x1260C3: BigBang(int, char**, char**) (BigBang.cc:631)
==3982==    by 0x17E1F1: main (main.cc:56)
==3982== 
==3982== Mismatched free() / delete / delete []
==3982==    at 0x482F8F8: operator delete(void*) (in /usr/lib/valgrind/vgpreload_memcheck-x86-linux.so)
==3982==    by 0x48BA537: operator delete(void*, unsigned int) (in /usr/lib32/libstdc++.so.6.0.22)
==3982==    by 0x16D75B: FrameStk::alloc(int) (Reader.cc:274)
==3982==    by 0x170B39: Reader::falloc(int) (Reader.cc:155)
==3982==    by 0x16E949: ListReadMacro::start(int, Reader*) (Reader.cc:1091)
==3982==    by 0x1700C2: Reader::resumeExpr() (Reader.cc:1591)
==3982==    by 0x16FE54: Reader::readExpr() (Reader.cc:1495)
==3982==    by 0x125E7F: LoadBootFiles() (BigBang.cc:548)
==3982==    by 0x12616D: BigBang(int, char**, char**) (BigBang.cc:639)
==3982==    by 0x17E1F1: main (main.cc:56)
==3982==  Address 0x4cdb7e0 is 0 bytes inside a block of size 256 alloc'd
==3982==    at 0x482EF8C: operator new[](unsigned int) (in /usr/lib/valgrind/vgpreload_memcheck-x86-linux.so)
==3982==    by 0x16D71C: FrameStk::alloc(int) (Reader.cc:271)
==3982==    by 0x170B39: Reader::falloc(int) (Reader.cc:155)
==3982==    by 0x16FE15: Reader::readExpr() (Reader.cc:1492)
==3982==    by 0x125E7F: LoadBootFiles() (BigBang.cc:548)
==3982==    by 0x12616D: BigBang(int, char**, char**) (BigBang.cc:639)
==3982==    by 0x17E1F1: main (main.cc:56)
==3982== 
==3982== Conditional jump or move depends on uninitialised value(s)
==3982==    at 0x17C340: Timer::inc(timeval&, long, long) (Timer.cc:95)
==3982==    by 0x17C2AA: Timer::updateTimer() (Timer.cc:80)
==3982==    by 0x17C4CE: Timer::setMode(TimerMode) (Timer.cc:147)
==3982==    by 0x1759BE: VirtualMachine::preScavenge() (Vm.cc:362)
==3982==    by 0x14A979: Heap::traverseRootSets(void (RootSet::*)()) (Heap.cc:972)
==3982==    by 0x14AC80: Heap::scavenge() (Heap.cc:1099)
==3982==    by 0x14AB08: Heap::scavengeAndAlloc(unsigned int) (Heap.cc:1038)
==3982==    by 0x14B344: palloc(unsigned int) (Heap.cc:1332)
==3982==    by 0x128CD6: CodeVec::create(int) (Code.cc:281)
==3982==    by 0x128257: CodeBuf::growCodevec(int) (Code.cc:93)
==3982==    by 0x12817F: CodeBuf::deposit(Instr) (Code.cc:78)
==3982==    by 0x1283C8: CodeBuf::emitF0(Opcode, unsigned int) (Code.cc:112)
==3982== 
==3982== Conditional jump or move depends on uninitialised value(s)
==3982==    at 0x17C36B: Timer::inc(timeval&, long, long) (Timer.cc:99)
==3982==    by 0x17C2AA: Timer::updateTimer() (Timer.cc:80)
==3982==    by 0x17C4CE: Timer::setMode(TimerMode) (Timer.cc:147)
==3982==    by 0x1759BE: VirtualMachine::preScavenge() (Vm.cc:362)
==3982==    by 0x14A979: Heap::traverseRootSets(void (RootSet::*)()) (Heap.cc:972)
==3982==    by 0x14AC80: Heap::scavenge() (Heap.cc:1099)
==3982==    by 0x14AB08: Heap::scavengeAndAlloc(unsigned int) (Heap.cc:1038)
==3982==    by 0x14B344: palloc(unsigned int) (Heap.cc:1332)
==3982==    by 0x128CD6: CodeVec::create(int) (Code.cc:281)
==3982==    by 0x128257: CodeBuf::growCodevec(int) (Code.cc:93)
==3982==    by 0x12817F: CodeBuf::deposit(Instr) (Code.cc:78)
==3982==    by 0x1283C8: CodeBuf::emitF0(Opcode, unsigned int) (Code.cc:112)
==3982== 
==3982== Conditional jump or move depends on uninitialised value(s)
==3982==    at 0x17C340: Timer::inc(timeval&, long, long) (Timer.cc:95)
==3982==    by 0x17C2D6: Timer::updateTimer() (Timer.cc:84)
==3982==    by 0x17C4CE: Timer::setMode(TimerMode) (Timer.cc:147)
==3982==    by 0x1759BE: VirtualMachine::preScavenge() (Vm.cc:362)
==3982==    by 0x14A979: Heap::traverseRootSets(void (RootSet::*)()) (Heap.cc:972)
==3982==    by 0x14AC80: Heap::scavenge() (Heap.cc:1099)
==3982==    by 0x14AB08: Heap::scavengeAndAlloc(unsigned int) (Heap.cc:1038)
==3982==    by 0x14B344: palloc(unsigned int) (Heap.cc:1332)
==3982==    by 0x128CD6: CodeVec::create(int) (Code.cc:281)
==3982==    by 0x128257: CodeBuf::growCodevec(int) (Code.cc:93)
==3982==    by 0x12817F: CodeBuf::deposit(Instr) (Code.cc:78)
==3982==    by 0x1283C8: CodeBuf::emitF0(Opcode, unsigned int) (Code.cc:112)
==3982== 
==3982== Conditional jump or move depends on uninitialised value(s)
==3982==    at 0x17C340: Timer::inc(timeval&, long, long) (Timer.cc:95)
==3982==    by 0x17C2AA: Timer::updateTimer() (Timer.cc:80)
==3982==    by 0x17C4CE: Timer::setMode(TimerMode) (Timer.cc:147)
==3982==    by 0x175A66: VirtualMachine::postScavenge() (Vm.cc:379)
==3982==    by 0x14A979: Heap::traverseRootSets(void (RootSet::*)()) (Heap.cc:972)
==3982==    by 0x14AD9D: Heap::scavenge() (Heap.cc:1140)
==3982==    by 0x14AB08: Heap::scavengeAndAlloc(unsigned int) (Heap.cc:1038)
==3982==    by 0x14B344: palloc(unsigned int) (Heap.cc:1332)
==3982==    by 0x128CD6: CodeVec::create(int) (Code.cc:281)
==3982==    by 0x128257: CodeBuf::growCodevec(int) (Code.cc:93)
==3982==    by 0x12817F: CodeBuf::deposit(Instr) (Code.cc:78)
==3982==    by 0x1283C8: CodeBuf::emitF0(Opcode, unsigned int) (Code.cc:112)
==3982== 
==3982== Conditional jump or move depends on uninitialised value(s)
==3982==    at 0x17C36B: Timer::inc(timeval&, long, long) (Timer.cc:99)
==3982==    by 0x17C2AA: Timer::updateTimer() (Timer.cc:80)
==3982==    by 0x17C4CE: Timer::setMode(TimerMode) (Timer.cc:147)
==3982==    by 0x175A66: VirtualMachine::postScavenge() (Vm.cc:379)
==3982==    by 0x14A979: Heap::traverseRootSets(void (RootSet::*)()) (Heap.cc:972)
==3982==    by 0x14AD9D: Heap::scavenge() (Heap.cc:1140)
==3982==    by 0x14AB08: Heap::scavengeAndAlloc(unsigned int) (Heap.cc:1038)
==3982==    by 0x14B344: palloc(unsigned int) (Heap.cc:1332)
==3982==    by 0x128CD6: CodeVec::create(int) (Code.cc:281)
==3982==    by 0x128257: CodeBuf::growCodevec(int) (Code.cc:93)
==3982==    by 0x12817F: CodeBuf::deposit(Instr) (Code.cc:78)
==3982==    by 0x1283C8: CodeBuf::emitF0(Opcode, unsigned int) (Code.cc:112)
==3982== 
==3982== Conditional jump or move depends on uninitialised value(s)
==3982==    at 0x17C340: Timer::inc(timeval&, long, long) (Timer.cc:95)
==3982==    by 0x17C2D6: Timer::updateTimer() (Timer.cc:84)
==3982==    by 0x17C4CE: Timer::setMode(TimerMode) (Timer.cc:147)
==3982==    by 0x175A66: VirtualMachine::postScavenge() (Vm.cc:379)
==3982==    by 0x14A979: Heap::traverseRootSets(void (RootSet::*)()) (Heap.cc:972)
==3982==    by 0x14AD9D: Heap::scavenge() (Heap.cc:1140)
==3982==    by 0x14AB08: Heap::scavengeAndAlloc(unsigned int) (Heap.cc:1038)
==3982==    by 0x14B344: palloc(unsigned int) (Heap.cc:1332)
==3982==    by 0x128CD6: CodeVec::create(int) (Code.cc:281)
==3982==    by 0x128257: CodeBuf::growCodevec(int) (Code.cc:93)
==3982==    by 0x12817F: CodeBuf::deposit(Instr) (Code.cc:78)
==3982==    by 0x1283C8: CodeBuf::emitF0(Opcode, unsigned int) (Code.cc:112)
==3982== 
==3982== Conditional jump or move depends on uninitialised value(s)
==3982==    at 0x17C36B: Timer::inc(timeval&, long, long) (Timer.cc:99)
==3982==    by 0x17C2D6: Timer::updateTimer() (Timer.cc:84)
==3982==    by 0x17C4CE: Timer::setMode(TimerMode) (Timer.cc:147)
==3982==    by 0x1759BE: VirtualMachine::preScavenge() (Vm.cc:362)
==3982==    by 0x14A979: Heap::traverseRootSets(void (RootSet::*)()) (Heap.cc:972)
==3982==    by 0x14AC80: Heap::scavenge() (Heap.cc:1099)
==3982==    by 0x14AB08: Heap::scavengeAndAlloc(unsigned int) (Heap.cc:1038)
==3982==    by 0x14B344: palloc(unsigned int) (Heap.cc:1332)
==3982==    by 0x128CD6: CodeVec::create(int) (Code.cc:281)
==3982==    by 0x128B70: CodeBuf::finish() (Code.cc:255)
==3982==    by 0x12A020: Code::create(CodeBuf*, Tuple*) (Code.cc:814)
==3982==    by 0x175E6A: VirtualMachine::handleApplyPrimUpcall(Instr, Location) (Vm.cc:506)
==3982== 
==3982== Conditional jump or move depends on uninitialised value(s)
==3982==    at 0x17C36B: Timer::inc(timeval&, long, long) (Timer.cc:99)
==3982==    by 0x17C2D6: Timer::updateTimer() (Timer.cc:84)
==3982==    by 0x17C4CE: Timer::setMode(TimerMode) (Timer.cc:147)
==3982==    by 0x175A66: VirtualMachine::postScavenge() (Vm.cc:379)
==3982==    by 0x14A979: Heap::traverseRootSets(void (RootSet::*)()) (Heap.cc:972)
==3982==    by 0x14AD9D: Heap::scavenge() (Heap.cc:1140)
==3982==    by 0x14AB08: Heap::scavengeAndAlloc(unsigned int) (Heap.cc:1038)
==3982==    by 0x14B344: palloc(unsigned int) (Heap.cc:1332)
==3982==    by 0x128CD6: CodeVec::create(int) (Code.cc:281)
==3982==    by 0x128B70: CodeBuf::finish() (Code.cc:255)
==3982==    by 0x12A020: Code::create(CodeBuf*, Tuple*) (Code.cc:814)
==3982==    by 0x175E6A: VirtualMachine::handleApplyPrimUpcall(Instr, Location) (Vm.cc:506)
==3982== 
==3982== Mismatched free() / delete / delete []
==3982==    at 0x482F8F8: operator delete(void*) (in /usr/lib/valgrind/vgpreload_memcheck-x86-linux.so)
==3982==    by 0x48BA537: operator delete(void*, unsigned int) (in /usr/lib32/libstdc++.so.6.0.22)
==3982==    by 0x15EB16: _f_objectToSymbol(Ob*, Ctxt*) (Ob.cc:1351)
==3982==    by 0x166851: Prim::dispatchHelper(Ctxt*) (Prim.cc:104)
==3982==    by 0x166920: Prim::dispatch(Ctxt*) (Prim.cc:115)
==3982==    by 0x1669F9: Prim::invoke(Ctxt*) (Prim.cc:140)
==3982==    by 0x15C8FF: Ob::lookupAndInvoke(Ctxt*) (Ob.cc:784)
==3982==    by 0x160476: StdOprn::dispatch(Ctxt*) (Operation.cc:80)
==3982==    by 0x1772BA: VirtualMachine::execute() (Vm.cc:874)
==3982==    by 0x176DB8: VirtualMachine::load(Ob*) (Vm.cc:733)
==3982==    by 0x125EAB: LoadBootFiles() (BigBang.cc:549)
==3982==    by 0x12616D: BigBang(int, char**, char**) (BigBang.cc:639)
==3982==  Address 0x4ce3b18 is 0 bytes inside a block of size 9 alloc'd
==3982==    at 0x482EF8C: operator new[](unsigned int) (in /usr/lib/valgrind/vgpreload_memcheck-x86-linux.so)
==3982==    by 0x15EB31: _f_objectToSymbol(Ob*, Ctxt*) (Ob.cc:1353)
==3982==    by 0x166851: Prim::dispatchHelper(Ctxt*) (Prim.cc:104)
==3982==    by 0x1779A9: VirtualMachine::execute() (Vm.cc:1034)
==3982==    by 0x176DB8: VirtualMachine::load(Ob*) (Vm.cc:733)
==3982==    by 0x125EAB: LoadBootFiles() (BigBang.cc:549)
==3982==    by 0x12616D: BigBang(int, char**, char**) (BigBang.cc:639)
==3982==    by 0x17E1F1: main (main.cc:56)
==3982== 
==3982== Mismatched free() / delete / delete []
==3982==    at 0x482F8F8: operator delete(void*) (in /usr/lib/valgrind/vgpreload_memcheck-x86-linux.so)
==3982==    by 0x48BA537: operator delete(void*, unsigned int) (in /usr/lib32/libstdc++.so.6.0.22)
==3982==    by 0x170708: Reader::growBuffer() (Reader.cc:1800)
==3982==    by 0x170C33: Reader::buffer(int) (Reader.cc:213)
==3982==    by 0x170CA0: Reader::accept(int, int) (Reader.cc:227)
==3982==    by 0x16DF44: StringFrame_Reader::process(int, Reader*) (Reader.cc:639)
==3982==    by 0x17011A: Reader::resumeExpr() (Reader.cc:1598)
==3982==    by 0x16FE54: Reader::readExpr() (Reader.cc:1495)
==3982==    by 0x16C4EB: _f_istreamRead(Ob*, Ctxt*) (RBLstream.cc:170)
==3982==    by 0x166851: Prim::dispatchHelper(Ctxt*) (Prim.cc:104)
==3982==    by 0x177660: VirtualMachine::execute() (Vm.cc:969)
==3982==    by 0x176DB8: VirtualMachine::load(Ob*) (Vm.cc:733)
==3982==  Address 0x4db69a0 is 0 bytes inside a block of size 128 alloc'd
==3982==    at 0x482EF8C: operator new[](unsigned int) (in /usr/lib/valgrind/vgpreload_memcheck-x86-linux.so)
==3982==    by 0x1706C9: Reader::growBuffer() (Reader.cc:1797)
==3982==    by 0x170C33: Reader::buffer(int) (Reader.cc:213)
==3982==    by 0x170CA0: Reader::accept(int, int) (Reader.cc:227)
==3982==    by 0x16E7B0: AtomReadMacro::start(int, Reader*) (Reader.cc:973)
==3982==    by 0x1700C2: Reader::resumeExpr() (Reader.cc:1591)
==3982==    by 0x16FE54: Reader::readExpr() (Reader.cc:1495)
==3982==    by 0x16C4EB: _f_istreamRead(Ob*, Ctxt*) (RBLstream.cc:170)
==3982==    by 0x166851: Prim::dispatchHelper(Ctxt*) (Prim.cc:104)
==3982==    by 0x1777DA: VirtualMachine::execute() (Vm.cc:1001)
==3982==    by 0x176DB8: VirtualMachine::load(Ob*) (Vm.cc:733)
==3982==    by 0x125EAB: LoadBootFiles() (BigBang.cc:549)
==3982== 
==3982== Conditional jump or move depends on uninitialised value(s)
==3982==    at 0x17C340: Timer::inc(timeval&, long, long) (Timer.cc:95)
==3982==    by 0x17C2AA: Timer::updateTimer() (Timer.cc:80)
==3982==    by 0x17C462: Timer::stop() (Timer.cc:127)
==3982==    by 0x152E1D: Monitor::stop() (Monitor.cc:99)
==3982==    by 0x174F88: VirtualMachine::installMonitor(Monitor*) (Vm.cc:158)
==3982==    by 0x175161: VirtualMachine::getNextStrand() (Vm.cc:212)
==3982==    by 0x177D6F: VirtualMachine::execute() (Vm.cc:1121)
==3982==    by 0x17E222: main (main.cc:58)
==3982== 
==3982== Conditional jump or move depends on uninitialised value(s)
==3982==    at 0x17C340: Timer::inc(timeval&, long, long) (Timer.cc:95)
==3982==    by 0x17C2D6: Timer::updateTimer() (Timer.cc:84)
==3982==    by 0x17C462: Timer::stop() (Timer.cc:127)
==3982==    by 0x152E1D: Monitor::stop() (Monitor.cc:99)
==3982==    by 0x174F88: VirtualMachine::installMonitor(Monitor*) (Vm.cc:158)
==3982==    by 0x175161: VirtualMachine::getNextStrand() (Vm.cc:212)
==3982==    by 0x177D6F: VirtualMachine::execute() (Vm.cc:1121)
==3982==    by 0x17E222: main (main.cc:58)
==3982== 
==3982== Conditional jump or move depends on uninitialised value(s)
==3982==    at 0x17C36B: Timer::inc(timeval&, long, long) (Timer.cc:99)
==3982==    by 0x17C2D6: Timer::updateTimer() (Timer.cc:84)
==3982==    by 0x17C462: Timer::stop() (Timer.cc:127)
==3982==    by 0x152E1D: Monitor::stop() (Monitor.cc:99)
==3982==    by 0x174F88: VirtualMachine::installMonitor(Monitor*) (Vm.cc:158)
==3982==    by 0x175161: VirtualMachine::getNextStrand() (Vm.cc:212)
==3982==    by 0x177D6F: VirtualMachine::execute() (Vm.cc:1121)
==3982==    by 0x17E222: main (main.cc:58)
==3982== 
==3982== Conditional jump or move depends on uninitialised value(s)
==3982==    at 0x17C36B: Timer::inc(timeval&, long, long) (Timer.cc:99)
==3982==    by 0x17C2AA: Timer::updateTimer() (Timer.cc:80)
==3982==    by 0x17C462: Timer::stop() (Timer.cc:127)
==3982==    by 0x152E1D: Monitor::stop() (Monitor.cc:99)
==3982==    by 0x174F88: VirtualMachine::installMonitor(Monitor*) (Vm.cc:158)
==3982==    by 0x175161: VirtualMachine::getNextStrand() (Vm.cc:212)
==3982==    by 0x177D6F: VirtualMachine::execute() (Vm.cc:1121)
==3982==    by 0x17E222: main (main.cc:58)
==3982== 
==3982== Mismatched free() / delete / delete []
==3982==    at 0x482F8F8: operator delete(void*) (in /usr/lib/valgrind/vgpreload_memcheck-x86-linux.so)
==3982==    by 0x48BA537: operator delete(void*, unsigned int) (in /usr/lib32/libstdc++.so.6.0.22)
==3982==    by 0x17A5C6: ResizeablePtrArray::~ResizeablePtrArray() (ResizeAry.cc:37)
==3982==    by 0x14BB7E: PtrCollection::~PtrCollection() (PtrCollect.h:37)
==3982==    by 0x14BD81: ObStk::~ObStk() (ObStk.h:38)
==3982==    by 0x174E0F: VirtualMachine::~VirtualMachine() (Vm.cc:118)
==3982==    by 0x174E6A: VirtualMachine::~VirtualMachine() (Vm.cc:120)
==3982==    by 0x12622F: BigCrunch() (BigBang.cc:654)
==3982==    by 0x17E342: main (main.cc:87)
==3982==  Address 0x4cdade0 is 0 bytes inside a block of size 128 alloc'd
==3982==    at 0x482EF8C: operator new[](unsigned int) (in /usr/lib/valgrind/vgpreload_memcheck-x86-linux.so)
==3982==    by 0x17A69A: ResizeablePtrArray::ResizeablePtrArray(int) (ResizeAry.h:62)
==3982==    by 0x17A26E: PtrCollection::PtrCollection() (PtrCollect.cc:34)
==3982==    by 0x17A19E: ObStk::ObStk() (ObStk.h:60)
==3982==    by 0x174CB9: VirtualMachine::VirtualMachine() (Vm.cc:90)
==3982==    by 0x1260F7: BigBang(int, char**, char**) (BigBang.cc:635)
==3982==    by 0x17E1F1: main (main.cc:56)
==3982== 
==3982== Mismatched free() / delete / delete []
==3982==    at 0x482F8F8: operator delete(void*) (in /usr/lib/valgrind/vgpreload_memcheck-x86-linux.so)
==3982==    by 0x48BA537: operator delete(void*, unsigned int) (in /usr/lib32/libstdc++.so.6.0.22)
==3982==    by 0x17993E: ObQue::~ObQue() (ObQue.cc:50)
==3982==    by 0x174E33: VirtualMachine::~VirtualMachine() (Vm.cc:119)
==3982==    by 0x174E6A: VirtualMachine::~VirtualMachine() (Vm.cc:120)
==3982==    by 0x12622F: BigCrunch() (BigBang.cc:654)
==3982==    by 0x17E342: main (main.cc:87)
==3982==  Address 0x4cdaed8 is 0 bytes inside a block of size 128 alloc'd
==3982==    at 0x482EF8C: operator new[](unsigned int) (in /usr/lib/valgrind/vgpreload_memcheck-x86-linux.so)
==3982==    by 0x179899: ObQue::ObQue() (ObQue.cc:35)
==3982==    by 0x174CDE: VirtualMachine::VirtualMachine() (Vm.cc:91)
==3982==    by 0x1260F7: BigBang(int, char**, char**) (BigBang.cc:635)
==3982==    by 0x17E1F1: main (main.cc:56)
==3982== 
==3982== Mismatched free() / delete / delete []
==3982==    at 0x482F8F8: operator delete(void*) (in /usr/lib/valgrind/vgpreload_memcheck-x86-linux.so)
==3982==    by 0x1495C2: NewSpace::~NewSpace() (Heap.cc:414)
==3982==    by 0x14A7D2: Heap::~Heap() (Heap.cc:958)
==3982==    by 0x126247: BigCrunch() (BigBang.cc:655)
==3982==    by 0x17E342: main (main.cc:87)
==3982==  Address 0x4c04000 is 0 bytes inside a block of size 786,432 alloc'd
==3982==    at 0x4830544: memalign (in /usr/lib/valgrind/vgpreload_memcheck-x86-linux.so)
==3982==    by 0x4830612: valloc (in /usr/lib/valgrind/vgpreload_memcheck-x86-linux.so)
==3982==    by 0x149447: NewSpace::NewSpace(unsigned int, unsigned int) (Heap.cc:399)
==3982==    by 0x14A5D5: Heap::Heap(unsigned int, unsigned int, unsigned int) (Heap.cc:940)
==3982==    by 0x1260C3: BigBang(int, char**, char**) (BigBang.cc:631)
==3982==    by 0x17E1F1: main (main.cc:56)
==3982== 
==3982== Mismatched free() / delete / delete []
==3982==    at 0x482F8F8: operator delete(void*) (in /usr/lib/valgrind/vgpreload_memcheck-x86-linux.so)
==3982==    by 0x1498D8: OldSpaceChunk::~OldSpaceChunk() (Heap.cc:593)
==3982==    by 0x149D00: OldSpace::~OldSpace() (Heap.cc:680)
==3982==    by 0x14A801: Heap::~Heap() (Heap.cc:959)
==3982==    by 0x126247: BigCrunch() (BigBang.cc:655)
==3982==    by 0x17E342: main (main.cc:87)
==3982==  Address 0x4e03000 is 0 bytes inside a block of size 32,768 alloc'd
==3982==    at 0x4830544: memalign (in /usr/lib/valgrind/vgpreload_memcheck-x86-linux.so)
==3982==    by 0x4830612: valloc (in /usr/lib/valgrind/vgpreload_memcheck-x86-linux.so)
==3982==    by 0x149887: OldSpaceChunk::OldSpaceChunk(unsigned int, OldSpaceChunk*, OldSpace*) (Heap.cc:587)
==3982==    by 0x149AEB: OldSpace::addChunk(int) (Heap.cc:639)
==3982==    by 0x149F04: OldSpace::alloc(unsigned int) (Heap.cc:744)
==3982==    by 0x14ABE5: Heap::copyAndForward(Ob*) (Heap.cc:1075)
==3982==    by 0x14B2F9: Ob::relocate() (Heap.cc:1323)
==3982==    by 0x15FFD4: inlineUseIfPtr(void*, Ob* (Ob::*)()) (Ob.cc:311)
==3982==    by 0x15B380: Ob::traversePtrs(Ob* (Ob::*)()) (Ob.cc:368)
==3982==    by 0x149677: NewSpace::scavenge() (Heap.cc:448)
==3982==    by 0x14ACB8: Heap::scavenge() (Heap.cc:1117)
==3982==    by 0x14AF83: Heap::tenureEverything() (Heap.cc:1210)
==3982== 
==3982== Mismatched free() / delete / delete []
==3982==    at 0x482F8F8: operator delete(void*) (in /usr/lib/valgrind/vgpreload_memcheck-x86-linux.so)
==3982==    by 0x48BA537: operator delete(void*, unsigned int) (in /usr/lib32/libstdc++.so.6.0.22)
==3982==    by 0x149D30: OldSpace::~OldSpace() (Heap.cc:683)
==3982==    by 0x14A801: Heap::~Heap() (Heap.cc:959)
==3982==    by 0x126247: BigCrunch() (BigBang.cc:655)
==3982==    by 0x17E342: main (main.cc:87)
==3982==  Address 0x4c035f0 is 0 bytes inside a block of size 276 alloc'd
==3982==    at 0x482EF8C: operator new[](unsigned int) (in /usr/lib/valgrind/vgpreload_memcheck-x86-linux.so)
==3982==    by 0x149C58: OldSpace::OldSpace(unsigned int) (Heap.cc:668)
==3982==    by 0x14A5FA: Heap::Heap(unsigned int, unsigned int, unsigned int) (Heap.cc:941)
==3982==    by 0x1260C3: BigBang(int, char**, char**) (BigBang.cc:631)
==3982==    by 0x17E1F1: main (main.cc:56)
==3982== 
==3982== Mismatched free() / delete / delete []
==3982==    at 0x482F8F8: operator delete(void*) (in /usr/lib/valgrind/vgpreload_memcheck-x86-linux.so)
==3982==    by 0x48BA537: operator delete(void*, unsigned int) (in /usr/lib32/libstdc++.so.6.0.22)
==3982==    by 0x17BF0E: RosetteStringTable::~RosetteStringTable() (StringStore.cc:258)
==3982==    by 0x4A6CAAA: __run_exit_handlers (exit.c:83)
==3982==    by 0x4A6CB10: exit (exit.c:105)
==3982==    by 0x17E34C: main (main.cc:89)
==3982==  Address 0x4c02ac8 is 0 bytes inside a block of size 2,052 alloc'd
==3982==    at 0x482EF8C: operator new[](unsigned int) (in /usr/lib/valgrind/vgpreload_memcheck-x86-linux.so)
==3982==    by 0x17BE7C: RosetteStringTable::RosetteStringTable(unsigned long) (StringStore.cc:247)
==3982==    by 0x17C101: __static_initialization_and_destruction_0(int, int) (StringStore.cc:284)
==3982==    by 0x17C149: _GLOBAL__sub_I__ZN6BucketC2EPKcPS_ (StringStore.cc:291)
==3982==    by 0x18414A: __libc_csu_init (in /home/stevop/Rosette/bin/boot-ess)
==3982==    by 0x4A56205: (below main) (libc-start.c:247)
==3982== 
==3982== Mismatched free() / delete / delete []
==3982==    at 0x482F8F8: operator delete(void*) (in /usr/lib/valgrind/vgpreload_memcheck-x86-linux.so)
==3982==    by 0x48BA537: operator delete(void*, unsigned int) (in /usr/lib32/libstdc++.so.6.0.22)
==3982==    by 0x17BD2E: StringChunk::~StringChunk() (StringStore.cc:168)
==3982==    by 0x17BF23: RosetteStringTable::~RosetteStringTable() (StringStore.cc:259)
==3982==    by 0x4A6CAAA: __run_exit_handlers (exit.c:83)
==3982==    by 0x4A6CB10: exit (exit.c:105)
==3982==    by 0x17E34C: main (main.cc:89)
==3982==  Address 0x4d7d798 is 0 bytes inside a block of size 8,192 alloc'd
==3982==    at 0x482EF8C: operator new[](unsigned int) (in /usr/lib/valgrind/vgpreload_memcheck-x86-linux.so)
==3982==    by 0x17BCBC: StringChunk::StringChunk(StringChunk*, unsigned long) (StringStore.cc:156)
==3982==    by 0x17C017: RosetteStringTable::intern(char const*) (StringStore.cc:274)
==3982==    by 0x17C0C7: intern(char const*) (StringStore.cc:290)
==3982==    by 0x1707D3: Reader::finalizeAtom() (Reader.cc:1831)
==3982==    by 0x170165: Reader::resumeExpr() (Reader.cc:1619)
==3982==    by 0x16FE54: Reader::readExpr() (Reader.cc:1495)
==3982==    by 0x16C4EB: _f_istreamRead(Ob*, Ctxt*) (RBLstream.cc:170)
==3982==    by 0x166851: Prim::dispatchHelper(Ctxt*) (Prim.cc:104)
==3982==    by 0x177660: VirtualMachine::execute() (Vm.cc:969)
==3982==    by 0x176DB8: VirtualMachine::load(Ob*) (Vm.cc:733)
==3982==    by 0x125EAB: LoadBootFiles() (BigBang.cc:549)
==3982== 
==3982== Mismatched free() / delete / delete []
==3982==    at 0x482F8F8: operator delete(void*) (in /usr/lib/valgrind/vgpreload_memcheck-x86-linux.so)
==3982==    by 0x48BA537: operator delete(void*, unsigned int) (in /usr/lib32/libstdc++.so.6.0.22)
==3982==    by 0x17BD2E: StringChunk::~StringChunk() (StringStore.cc:168)
==3982==    by 0x17BD4C: StringChunk::~StringChunk() (StringStore.cc:170)
==3982==    by 0x17BF23: RosetteStringTable::~RosetteStringTable() (StringStore.cc:259)
==3982==    by 0x4A6CAAA: __run_exit_handlers (exit.c:83)
==3982==    by 0x4A6CB10: exit (exit.c:105)
==3982==    by 0x17E34C: main (main.cc:89)
==3982==  Address 0x4cde928 is 0 bytes inside a block of size 8,192 alloc'd
==3982==    at 0x482EF8C: operator new[](unsigned int) (in /usr/lib/valgrind/vgpreload_memcheck-x86-linux.so)
==3982==    by 0x17BCBC: StringChunk::StringChunk(StringChunk*, unsigned long) (StringStore.cc:156)
==3982==    by 0x17C017: RosetteStringTable::intern(char const*) (StringStore.cc:274)
==3982==    by 0x17C0C7: intern(char const*) (StringStore.cc:290)
==3982==    by 0x1707D3: Reader::finalizeAtom() (Reader.cc:1831)
==3982==    by 0x170165: Reader::resumeExpr() (Reader.cc:1619)
==3982==    by 0x16FE54: Reader::readExpr() (Reader.cc:1495)
==3982==    by 0x125E7F: LoadBootFiles() (BigBang.cc:548)
==3982==    by 0x12616D: BigBang(int, char**, char**) (BigBang.cc:639)
==3982==    by 0x17E1F1: main (main.cc:56)
==3982== 
==3982== 
==3982== HEAP SUMMARY:
==3982==     in use at exit: 64,978 bytes in 1,886 blocks
==3982==   total heap usage: 2,052 allocs, 166 frees, 2,039,002 bytes allocated
==3982== 
==3982== LEAK SUMMARY:
==3982==    definitely lost: 20,540 bytes in 575 blocks
==3982==    indirectly lost: 43,216 bytes in 1,307 blocks
==3982==      possibly lost: 0 bytes in 0 blocks
==3982==    still reachable: 1,222 bytes in 4 blocks
==3982==         suppressed: 0 bytes in 0 blocks
==3982== Rerun with --leak-check=full to see details of leaked memory
==3982== 
==3982== For counts of detected and suppressed errors, rerun with: -v
==3982== Use --track-origins=yes to see where uninitialised values come from
==3982== ERROR SUMMARY: 319 errors from 24 contexts (suppressed: 0 from 0)
